20:21:42.159 [graviteeio-node] [] INFO  i.g.n.c.s.e.PropertiesConfiguration - Loading Gravitee configuration.
20:21:42.182 [graviteeio-node] [] INFO  i.g.n.c.s.e.PropertiesConfiguration - 	Gravitee configuration loaded from /opt/graviteeio-gateway/config/gravitee.yml
20:21:42.447 [graviteeio-node] [] INFO  i.g.n.c.s.e.PropertiesConfiguration - Loading Gravitee configuration. DONE
20:21:42.536 [graviteeio-node] [] INFO  i.g.p.c.s.PluginHandlerBeanFactoryPostProcessor - Loading plugin handlers
20:21:42.595 [graviteeio-node] [] INFO  i.g.p.c.s.PluginHandlerBeanFactoryPostProcessor - Find 11 plugin handler(s):
20:21:42.602 [graviteeio-node] [] INFO  i.g.p.c.s.PluginHandlerBeanFactoryPostProcessor - 	io.gravitee.plugin.entrypoint.internal.EntrypointConnectorPluginHandler
20:21:42.604 [graviteeio-node] [] INFO  i.g.p.c.s.PluginHandlerBeanFactoryPostProcessor - 	io.gravitee.plugin.discovery.internal.ServiceDiscoveryPluginHandler
20:21:42.606 [graviteeio-node] [] INFO  i.g.p.c.s.PluginHandlerBeanFactoryPostProcessor - 	io.gravitee.plugin.connector.internal.ConnectorPluginHandler
20:21:42.609 [graviteeio-node] [] INFO  i.g.p.c.s.PluginHandlerBeanFactoryPostProcessor - 	io.gravitee.plugin.policy.internal.PolicyPluginHandler
20:21:42.613 [graviteeio-node] [] INFO  i.g.p.c.s.PluginHandlerBeanFactoryPostProcessor - 	io.gravitee.node.plugins.service.handler.ServicePluginHandler
20:21:42.618 [graviteeio-node] [] INFO  i.g.p.c.s.PluginHandlerBeanFactoryPostProcessor - 	io.gravitee.node.tracing.plugin.TracingPluginHandler
20:21:42.623 [graviteeio-node] [] INFO  i.g.p.c.s.PluginHandlerBeanFactoryPostProcessor - 	io.gravitee.plugin.endpoint.internal.EndpointConnectorPluginHandler
20:21:42.629 [graviteeio-node] [] INFO  i.g.p.c.s.PluginHandlerBeanFactoryPostProcessor - 	io.gravitee.plugin.repository.internal.RepositoryPluginHandler
20:21:42.632 [graviteeio-node] [] INFO  i.g.p.c.s.PluginHandlerBeanFactoryPostProcessor - 	io.gravitee.node.reporter.plugin.ReporterPluginHandler
20:21:42.634 [graviteeio-node] [] INFO  i.g.p.c.s.PluginHandlerBeanFactoryPostProcessor - 	io.gravitee.plugin.alert.internal.AlertPluginHandler
20:21:42.637 [graviteeio-node] [] INFO  i.g.p.c.s.PluginHandlerBeanFactoryPostProcessor - 	io.gravitee.plugin.resource.internal.ResourcePluginHandler
20:21:43.845 [graviteeio-node] [] INFO  i.g.node.tracing.TracingService - Tracing support is enabled with tracer: name[jaeger]
20:21:43.884 [graviteeio-node] [] INFO  i.g.p.r.i.RepositoryPluginHandler - Loading repository for scope MANAGEMENT: mongodb
20:21:43.885 [graviteeio-node] [] INFO  i.g.p.r.i.RepositoryPluginHandler - Loading repository for scope RATE_LIMIT: mongodb
20:21:45.617 [graviteeio-node] [] WARN  i.g.gateway.env.TimeoutConfiguration - A proper timeout (greater than 0) should be set in order to avoid unclose connection, suggested value is 30_000 ms
20:21:46.018 [graviteeio-node] [] INFO  i.g.c.event.impl.EventManagerImpl - Register new listener ReactorEventListener for event type class io.gravitee.gateway.reactor.ReactorEvent
20:21:46.123 [graviteeio-node] [] WARN  i.gravitee.common.util.DataEncryptor - 
20:21:46.123 [graviteeio-node] [] WARN  i.gravitee.common.util.DataEncryptor - ##############################################################
20:21:46.123 [graviteeio-node] [] WARN  i.gravitee.common.util.DataEncryptor - #                      SECURITY WARNING                      #
20:21:46.123 [graviteeio-node] [] WARN  i.gravitee.common.util.DataEncryptor - ##############################################################
20:21:46.123 [graviteeio-node] [] WARN  i.gravitee.common.util.DataEncryptor - 
20:21:46.123 [graviteeio-node] [] WARN  i.gravitee.common.util.DataEncryptor - You still use the default secret.
20:21:46.123 [graviteeio-node] [] WARN  i.gravitee.common.util.DataEncryptor - This known secret can be used to access protected information.
20:21:46.123 [graviteeio-node] [] WARN  i.gravitee.common.util.DataEncryptor - Please customize the 'api.properties.encryption.secret' parameter value, or ask your administrator to do it.
20:21:46.123 [graviteeio-node] [] WARN  i.gravitee.common.util.DataEncryptor - 
20:21:46.123 [graviteeio-node] [] WARN  i.gravitee.common.util.DataEncryptor - ##############################################################
20:21:46.123 [graviteeio-node] [] WARN  i.gravitee.common.util.DataEncryptor - 
20:21:46.140 [graviteeio-node] [] INFO  i.g.n.m.h.v.e.ManagementEndpointManagerImpl - Register a new endpoint for Management API: GET /apis [io.gravitee.gateway.handlers.api.manager.endpoint.ApisManagementEndpoint]
20:21:46.152 [graviteeio-node] [] INFO  i.g.n.m.h.v.e.ManagementEndpointManagerImpl - Register a new endpoint for Management API: GET /apis/:apiId [io.gravitee.gateway.handlers.api.manager.endpoint.ApiManagementEndpoint]
20:21:47.131 [graviteeio-node] [] INFO  i.g.node.container.AbstractContainer - Starting Gravitee.io - API Gateway...
20:21:47.132 [graviteeio-node] [] INFO  i.g.g.standalone.node.GatewayNode - Gravitee.io - API Gateway is now starting...
20:21:47.135 [graviteeio-node] [] INFO  i.g.g.standalone.node.GatewayNode - 	Starting component: NodeMonitoringReporterService
20:21:47.163 [graviteeio-node] [] INFO  i.g.g.standalone.node.GatewayNode - 	Starting component: ReactorEventListener
20:21:47.164 [graviteeio-node] [] INFO  i.g.common.service.AbstractService - Initializing service io.gravitee.gateway.reactor.handler.ReactorEventListener
20:21:47.164 [graviteeio-node] [] INFO  i.g.g.standalone.node.GatewayNode - 	Starting component: VertxEmbeddedContainer
20:21:47.165 [graviteeio-node] [] INFO  i.g.g.s.vertx.VertxEmbeddedContainer - Starting Vertx container and deploy Gateway Verticles [8 instance(s)]
20:21:47.200 [graviteeio-node] [] INFO  i.g.g.standalone.node.GatewayNode - 	Starting component: SubscriptionDispatcher
20:21:47.200 [graviteeio-node] [] INFO  i.g.common.service.AbstractService - Initializing service io.gravitee.gateway.jupiter.reactor.v4.subscription.DefaultSubscriptionDispatcher
20:21:47.200 [graviteeio-node] [] INFO  i.g.g.standalone.node.GatewayNode - 	Starting component: ClusterService
20:21:47.200 [graviteeio-node] [] INFO  i.g.common.service.AbstractService - Initializing service io.gravitee.node.cluster.ClusterService
20:21:47.200 [graviteeio-node] [] INFO  i.g.g.standalone.node.GatewayNode - 	Starting component: LicenseService
20:21:47.200 [graviteeio-node] [] INFO  i.g.common.service.AbstractService - Initializing service License service
20:21:47.202 [graviteeio-node] [] INFO  i.g.node.license.LicenseService - No license file found. Some plugins may be disabled
20:21:47.242 [graviteeio-node] [] INFO  i.g.n.m.h.v.e.ManagementEndpointManagerImpl - Register a new endpoint for Management API: GET /license [io.gravitee.node.license.management.NodeLicenseManagementEndpoint]
20:21:47.242 [graviteeio-node] [] INFO  i.g.g.standalone.node.GatewayNode - 	Starting component: PluginEventListener
20:21:47.242 [graviteeio-node] [] INFO  i.g.common.service.AbstractService - Initializing service io.gravitee.plugin.core.internal.PluginEventListener
20:21:47.242 [graviteeio-node] [] INFO  i.g.c.event.impl.EventManagerImpl - Register new listener PluginEventListener for event type class io.gravitee.plugin.core.api.PluginEvent
20:21:47.242 [graviteeio-node] [] INFO  i.g.g.standalone.node.GatewayNode - 	Starting component: PluginRegistry
20:21:47.243 [graviteeio-node] [] INFO  i.g.common.service.AbstractService - Initializing service io.gravitee.plugin.core.internal.PluginRegistryImpl
20:21:47.243 [graviteeio-node] [] INFO  i.g.p.c.internal.PluginRegistryImpl - Initializing plugin registry.
20:21:47.243 [graviteeio-node] [] INFO  i.g.p.c.internal.PluginRegistryImpl - Loading plugins from /opt/graviteeio-gateway/plugins
20:21:48.708 [graviteeio-node] [] INFO  i.g.p.c.internal.PluginRegistryImpl - List of available service: 
20:21:48.709 [graviteeio-node] [] INFO  i.g.p.c.internal.PluginRegistryImpl - 	> sync [3.20.13] has been loaded
20:21:48.710 [graviteeio-node] [] INFO  i.g.p.c.internal.PluginRegistryImpl - 	> heartbeat [3.20.13] has been loaded
20:21:48.710 [graviteeio-node] [] INFO  i.g.p.c.internal.PluginRegistryImpl - 	> gateway-debug [3.20.13] has been loaded
20:21:48.710 [graviteeio-node] [] INFO  i.g.p.c.internal.PluginRegistryImpl - 	> healthcheck [3.20.13] has been loaded
20:21:48.710 [graviteeio-node] [] INFO  i.g.p.c.internal.PluginRegistryImpl - 	> service-endpoint-discovery [3.20.13] has been loaded
20:21:48.710 [graviteeio-node] [] INFO  i.g.p.c.internal.PluginRegistryImpl - 	> localregistry [3.20.13] has been loaded
20:21:48.710 [graviteeio-node] [] INFO  i.g.p.c.internal.PluginRegistryImpl - 	> ratelimitasync [2.0.0] has been loaded
20:21:48.710 [graviteeio-node] [] INFO  i.g.p.c.internal.PluginRegistryImpl - 	> service-bridge-http-server [3.20.13] has been loaded
20:21:48.710 [graviteeio-node] [] INFO  i.g.p.c.internal.PluginRegistryImpl - List of available endpoint-connector: 
20:21:48.710 [graviteeio-node] [] INFO  i.g.p.c.internal.PluginRegistryImpl - 	> http-proxy [3.20.13] has been loaded
20:21:48.710 [graviteeio-node] [] INFO  i.g.p.c.internal.PluginRegistryImpl - 	> mock [3.20.13] has been loaded
20:21:48.710 [graviteeio-node] [] INFO  i.g.p.c.internal.PluginRegistryImpl - 	> mqtt5 [3.20.13] has been loaded
20:21:48.711 [graviteeio-node] [] INFO  i.g.p.c.internal.PluginRegistryImpl - 	> kafka [3.20.13] has been loaded
20:21:48.711 [graviteeio-node] [] INFO  i.g.p.c.internal.PluginRegistryImpl - List of available entrypoint-connector: 
20:21:48.711 [graviteeio-node] [] INFO  i.g.p.c.internal.PluginRegistryImpl - 	> sse [3.20.13] has been loaded
20:21:48.711 [graviteeio-node] [] INFO  i.g.p.c.internal.PluginRegistryImpl - 	> http-proxy [3.20.13] has been loaded
20:21:48.711 [graviteeio-node] [] INFO  i.g.p.c.internal.PluginRegistryImpl - 	> http-get [3.20.13] has been loaded
20:21:48.711 [graviteeio-node] [] INFO  i.g.p.c.internal.PluginRegistryImpl - 	> http-post [3.20.13] has been loaded
20:21:48.711 [graviteeio-node] [] INFO  i.g.p.c.internal.PluginRegistryImpl - 	> websocket [3.20.13] has been loaded
20:21:48.711 [graviteeio-node] [] INFO  i.g.p.c.internal.PluginRegistryImpl - 	> webhook [3.20.13] has been loaded
20:21:48.711 [graviteeio-node] [] INFO  i.g.p.c.internal.PluginRegistryImpl - List of available alert: 
20:21:48.711 [graviteeio-node] [] INFO  i.g.p.c.internal.PluginRegistryImpl - 	> alert-engine-connector-ws [2.0.0] has been loaded
20:21:48.711 [graviteeio-node] [] INFO  i.g.p.c.internal.PluginRegistryImpl - List of available connector: 
20:21:48.711 [graviteeio-node] [] INFO  i.g.p.c.internal.PluginRegistryImpl - 	> connector-http [2.1.3] has been loaded
20:21:48.711 [graviteeio-node] [] INFO  i.g.p.c.internal.PluginRegistryImpl - List of available policy: 
20:21:48.711 [graviteeio-node] [] INFO  i.g.p.c.internal.PluginRegistryImpl - 	> policy-assign-attributes [1.5.1] has been loaded
20:21:48.711 [graviteeio-node] [] INFO  i.g.p.c.internal.PluginRegistryImpl - 	> api-key [3.0.0] has been loaded
20:21:48.711 [graviteeio-node] [] INFO  i.g.p.c.internal.PluginRegistryImpl - 	> cache [1.16.0] has been loaded
20:21:48.711 [graviteeio-node] [] INFO  i.g.p.c.internal.PluginRegistryImpl - 	> policy-http-callout [2.0.1] has been loaded
20:21:48.711 [graviteeio-node] [] INFO  i.g.p.c.internal.PluginRegistryImpl - 	> policy-assign-content [1.7.0] has been loaded
20:21:48.711 [graviteeio-node] [] INFO  i.g.p.c.internal.PluginRegistryImpl - 	> dynamic-routing [1.11.3] has been loaded
20:21:48.711 [graviteeio-node] [] INFO  i.g.p.c.internal.PluginRegistryImpl - 	> generate-http-signature [1.1.0] has been loaded
20:21:48.711 [graviteeio-node] [] INFO  i.g.p.c.internal.PluginRegistryImpl - 	> policy-generate-jwt [1.5.0] has been loaded
20:21:48.712 [graviteeio-node] [] INFO  i.g.p.c.internal.PluginRegistryImpl - 	> html-json [1.6.0] has been loaded
20:21:48.712 [graviteeio-node] [] INFO  i.g.p.c.internal.PluginRegistryImpl - 	> http-signature [1.5.0] has been loaded
20:21:48.712 [graviteeio-node] [] INFO  i.g.p.c.internal.PluginRegistryImpl - 	> json-threat-protection [1.3.3] has been loaded
20:21:48.712 [graviteeio-node] [] INFO  i.g.p.c.internal.PluginRegistryImpl - 	> json-to-json [1.7.1] has been loaded
20:21:48.712 [graviteeio-node] [] INFO  i.g.p.c.internal.PluginRegistryImpl - 	> jws [1.3.3] has been loaded
20:21:48.712 [graviteeio-node] [] INFO  i.g.p.c.internal.PluginRegistryImpl - 	> json-xml [2.0.0] has been loaded
20:21:48.712 [graviteeio-node] [] INFO  i.g.p.c.internal.PluginRegistryImpl - 	> key-less [2.0.0] has been loaded
20:21:48.712 [graviteeio-node] [] INFO  i.g.p.c.internal.PluginRegistryImpl - 	> ip-filtering [1.9.0] has been loaded
20:21:48.712 [graviteeio-node] [] INFO  i.g.p.c.internal.PluginRegistryImpl - 	> message-filtering [1.0.0] has been loaded
20:21:48.712 [graviteeio-node] [] INFO  i.g.p.c.internal.PluginRegistryImpl - 	> groovy [2.4.1] has been loaded
20:21:48.712 [graviteeio-node] [] INFO  i.g.p.c.internal.PluginRegistryImpl - 	> jwt [3.0.0] has been loaded
20:21:48.712 [graviteeio-node] [] INFO  i.g.p.c.internal.PluginRegistryImpl - 	> metrics-reporter [2.0.0] has been loaded
20:21:48.712 [graviteeio-node] [] INFO  i.g.p.c.internal.PluginRegistryImpl - 	> json-validation [1.6.1] has been loaded
20:21:48.712 [graviteeio-node] [] INFO  i.g.p.c.internal.PluginRegistryImpl - 	> latency [1.4.0] has been loaded
20:21:48.712 [graviteeio-node] [] INFO  i.g.p.c.internal.PluginRegistryImpl - 	> policy-override-request-method [1.3.0] has been loaded
20:21:48.715 [graviteeio-node] [] INFO  i.g.p.c.internal.PluginRegistryImpl - 	> mock [1.13.0] has been loaded
20:21:48.715 [graviteeio-node] [] INFO  i.g.p.c.internal.PluginRegistryImpl - 	> request-content-limit [1.8.0] has been loaded
20:21:48.715 [graviteeio-node] [] INFO  i.g.p.c.internal.PluginRegistryImpl - 	> regex-threat-protection [1.3.3] has been loaded
20:21:48.716 [graviteeio-node] [] INFO  i.g.p.c.internal.PluginRegistryImpl - 	> rate-limit [2.0.0] has been loaded
20:21:48.716 [graviteeio-node] [] INFO  i.g.p.c.internal.PluginRegistryImpl - 	> retry [2.1.0] has been loaded
20:21:48.716 [graviteeio-node] [] INFO  i.g.p.c.internal.PluginRegistryImpl - 	> quota [2.0.0] has been loaded
20:21:48.716 [graviteeio-node] [] INFO  i.g.p.c.internal.PluginRegistryImpl - 	> policy-openid-userinfo [1.5.2] has been loaded
20:21:48.716 [graviteeio-node] [] INFO  i.g.p.c.internal.PluginRegistryImpl - 	> policy-request-validation [1.13.2] has been loaded
20:21:48.716 [graviteeio-node] [] INFO  i.g.p.c.internal.PluginRegistryImpl - 	> oauth2 [2.0.1] has been loaded
20:21:48.716 [graviteeio-node] [] INFO  i.g.p.c.internal.PluginRegistryImpl - 	> transform-headers [1.10.0] has been loaded
20:21:48.716 [graviteeio-node] [] INFO  i.g.p.c.internal.PluginRegistryImpl - 	> traffic-shadowing [2.0.0] has been loaded
20:21:48.716 [graviteeio-node] [] INFO  i.g.p.c.internal.PluginRegistryImpl - 	> ssl-enforcement [1.2.3] has been loaded
20:21:48.716 [graviteeio-node] [] INFO  i.g.p.c.internal.PluginRegistryImpl - 	> spike-arrest [2.0.0] has been loaded
20:21:48.716 [graviteeio-node] [] INFO  i.g.p.c.internal.PluginRegistryImpl - 	> rbac [1.1.0] has been loaded
20:21:48.716 [graviteeio-node] [] INFO  i.g.p.c.internal.PluginRegistryImpl - 	> resource-filtering [1.8.0] has been loaded
20:21:48.716 [graviteeio-node] [] INFO  i.g.p.c.internal.PluginRegistryImpl - 	> transform-queryparams [1.6.0] has been loaded
20:21:48.716 [graviteeio-node] [] INFO  i.g.p.c.internal.PluginRegistryImpl - 	> rest-to-soap [1.13.0] has been loaded
20:21:48.716 [graviteeio-node] [] INFO  i.g.p.c.internal.PluginRegistryImpl - 	> url-rewriting [1.5.2] has been loaded
20:21:48.716 [graviteeio-node] [] INFO  i.g.p.c.internal.PluginRegistryImpl - 	> xml-json [1.8.3] has been loaded
20:21:48.716 [graviteeio-node] [] INFO  i.g.p.c.internal.PluginRegistryImpl - 	> xml-threat-protection [1.3.3] has been loaded
20:21:48.716 [graviteeio-node] [] INFO  i.g.p.c.internal.PluginRegistryImpl - 	> xml-validation [1.1.0] has been loaded
20:21:48.716 [graviteeio-node] [] INFO  i.g.p.c.internal.PluginRegistryImpl - 	> xslt [2.0.0] has been loaded
20:21:48.716 [graviteeio-node] [] INFO  i.g.p.c.internal.PluginRegistryImpl - List of available repository: 
20:21:48.716 [graviteeio-node] [] INFO  i.g.p.c.internal.PluginRegistryImpl - 	> repository-bridge-http-client [3.20.13] has been loaded
20:21:48.716 [graviteeio-node] [] INFO  i.g.p.c.internal.PluginRegistryImpl - 	> repository-jdbc [3.20.13] has been loaded
20:21:48.716 [graviteeio-node] [] INFO  i.g.p.c.internal.PluginRegistryImpl - 	> repository-mongodb [3.20.13] has been loaded
20:21:48.716 [graviteeio-node] [] INFO  i.g.p.c.internal.PluginRegistryImpl - List of available resource: 
20:21:48.716 [graviteeio-node] [] INFO  i.g.p.c.internal.PluginRegistryImpl - 	> cache [1.9.0] has been loaded
20:21:48.716 [graviteeio-node] [] INFO  i.g.p.c.internal.PluginRegistryImpl - 	> oauth2 [2.0.0] has been loaded
20:21:48.716 [graviteeio-node] [] INFO  i.g.p.c.internal.PluginRegistryImpl - 	> oauth2-am-resource [2.0.0] has been loaded
20:21:48.716 [graviteeio-node] [] INFO  i.g.p.c.internal.PluginRegistryImpl - List of available reporter: 
20:21:48.717 [graviteeio-node] [] INFO  i.g.p.c.internal.PluginRegistryImpl - 	> file [2.5.5] has been loaded
20:21:48.717 [graviteeio-node] [] INFO  i.g.p.c.internal.PluginRegistryImpl - 	> reporter-tcp [1.4.4] has been loaded
20:21:48.717 [graviteeio-node] [] INFO  i.g.p.c.internal.PluginRegistryImpl - 	> elastic [4.0.2] has been loaded
20:21:48.717 [graviteeio-node] [] INFO  i.g.p.c.internal.PluginRegistryImpl - List of available service_discovery: 
20:21:48.717 [graviteeio-node] [] INFO  i.g.p.c.internal.PluginRegistryImpl - 	> consul-service-discovery [1.3.0] has been loaded
20:21:48.717 [graviteeio-node] [] INFO  i.g.p.c.internal.PluginEventListener - All plugins have been loaded. Installing...
20:21:48.733 [vert.x-eventloop-thread-0] [] INFO  i.g.g.s.vertx.ReactorVerticle - HTTP listener ready to accept requests on port 8082
20:21:48.734 [vert.x-eventloop-thread-2] [] INFO  i.g.g.s.vertx.ReactorVerticle - HTTP listener ready to accept requests on port 8082
20:21:48.734 [vert.x-eventloop-thread-3] [] INFO  i.g.g.s.vertx.ReactorVerticle - HTTP listener ready to accept requests on port 8082
20:21:48.734 [vert.x-eventloop-thread-4] [] INFO  i.g.g.s.vertx.ReactorVerticle - HTTP listener ready to accept requests on port 8082
20:21:48.735 [vert.x-eventloop-thread-5] [] INFO  i.g.g.s.vertx.ReactorVerticle - HTTP listener ready to accept requests on port 8082
20:21:48.735 [vert.x-eventloop-thread-6] [] INFO  i.g.g.s.vertx.ReactorVerticle - HTTP listener ready to accept requests on port 8082
20:21:48.736 [vert.x-eventloop-thread-7] [] INFO  i.g.g.s.vertx.ReactorVerticle - HTTP listener ready to accept requests on port 8082
20:21:48.737 [vert.x-eventloop-thread-1] [] INFO  i.g.g.s.vertx.ReactorVerticle - HTTP listener ready to accept requests on port 8082
20:21:48.836 [graviteeio-node] [] INFO  i.g.p.r.i.RepositoryPluginHandler - Register a new repository: repository-bridge-http-client [io.gravitee.repository.bridge.client.HttpBridgeRepositoryProvider]
20:21:48.844 [graviteeio-node] [] INFO  i.g.p.r.i.RepositoryPluginHandler - Register a new repository: repository-mongodb [io.gravitee.repository.mongodb.MongoRepositoryProvider]
20:21:48.852 [graviteeio-node] [] INFO  i.g.p.r.i.RepositoryPluginHandler - Repository [MANAGEMENT] loaded by mongodb
20:21:54.459 [graviteeio-node] [] WARN  o.s.data.convert.CustomConversions - Registering converter from class org.bson.BsonUndefined to class java.lang.Object as reading converter although it doesn't convert from a store-supported type; You might want to check your annotation setup at the converter implementation
20:21:57.675 [graviteeio-node] [] INFO  i.g.p.r.i.RepositoryPluginHandler - Repository [RATE_LIMIT] loaded by mongodb
20:21:58.285 [graviteeio-node] [] INFO  i.g.p.r.i.RepositoryPluginHandler - Register a new repository: repository-jdbc [io.gravitee.repository.jdbc.JdbcRepositoryProvider]
20:21:58.308 [graviteeio-node] [] INFO  i.g.p.a.internal.AlertPluginHandler - Install plugin: alert-engine-connector-ws [io.gravitee.ae.connector.ws.WsConnectorPlugin]
20:21:58.811 [graviteeio-node] [] INFO  i.g.p.p.internal.PolicyPluginHandler - Install plugin: policy-openid-userinfo [io.gravitee.policy.openid.userinfo.UserInfoPolicy]
20:21:58.827 [graviteeio-node] [] INFO  i.g.p.d.i.ServiceDiscoveryPluginHandler - Install plugin: consul-service-discovery [io.gravitee.discovery.consul.ConsulServiceDiscovery]
20:21:58.836 [graviteeio-node] [] INFO  i.g.p.p.internal.PolicyPluginHandler - Install plugin: groovy [io.gravitee.policy.groovy.GroovyPolicy]
20:21:58.872 [graviteeio-node] [] INFO  i.g.p.e.i.EntrypointConnectorPluginHandler - Install plugin: sse [io.gravitee.plugin.entrypoint.sse.SseEntrypointConnectorFactory]
20:21:58.894 [graviteeio-node] [] INFO  i.g.p.e.i.EndpointConnectorPluginHandler - Install plugin: mqtt5 [io.gravitee.plugin.endpoint.mqtt5.Mqtt5EndpointConnectorFactory]
20:21:58.909 [graviteeio-node] [] INFO  i.g.p.e.i.EntrypointConnectorPluginHandler - Install plugin: http-proxy [io.gravitee.plugin.entrypoint.http.proxy.HttpProxyEntrypointConnectorFactory]
20:21:58.920 [graviteeio-node] [] INFO  i.g.p.p.internal.PolicyPluginHandler - Install plugin: cache [io.gravitee.policy.cache.CachePolicy]
20:21:58.942 [graviteeio-node] [] INFO  i.g.p.p.internal.PolicyPluginHandler - Install plugin: traffic-shadowing [io.gravitee.policy.trafficshadowing.TrafficShadowingPolicy]
20:21:58.952 [graviteeio-node] [] INFO  i.g.p.p.internal.PolicyPluginHandler - Install plugin: rest-to-soap [io.gravitee.policy.rest2soap.RestToSoapTransformerPolicy]
20:21:58.960 [graviteeio-node] [] INFO  i.g.p.p.internal.PolicyPluginHandler - Install plugin: xml-validation [io.gravitee.policy.xmlvalidation.XmlValidationPolicy]
20:21:58.979 [graviteeio-node] [] INFO  i.g.n.p.s.h.ServicePluginHandler - Install plugin: service-endpoint-discovery [io.gravitee.gateway.services.endpoint.discovery.EndpointDiscoveryService]
20:21:59.020 [graviteeio-node] [] INFO  i.g.p.r.i.ResourcePluginHandler - Install plugin: oauth2-am-resource [io.gravitee.resource.oauth2.am.OAuth2AMResource]
20:21:59.043 [graviteeio-node] [] INFO  i.g.n.p.s.h.ServicePluginHandler - Install plugin: ratelimitasync [io.gravitee.gateway.services.ratelimit.AsyncRateLimitService]
20:21:59.060 [graviteeio-node] [] INFO  i.g.p.p.internal.PolicyPluginHandler - Install plugin: json-threat-protection [io.gravitee.policy.threatprotection.json.JsonThreatProtectionPolicy]
20:21:59.071 [graviteeio-node] [] INFO  i.g.p.p.internal.PolicyPluginHandler - Install plugin: message-filtering [io.gravitee.policy.messagefiltering.MessageFilteringPolicy]
20:21:59.084 [graviteeio-node] [] INFO  i.g.n.p.s.h.ServicePluginHandler - Install plugin: localregistry [io.gravitee.gateway.services.localregistry.LocalApiDefinitionRegistry]
20:21:59.096 [graviteeio-node] [] INFO  i.g.p.p.internal.PolicyPluginHandler - Install plugin: latency [io.gravitee.policy.latency.LatencyPolicy]
20:21:59.106 [graviteeio-node] [] INFO  i.g.n.p.s.h.ServicePluginHandler - Install plugin: sync [io.gravitee.gateway.services.sync.SyncService]
20:21:59.336 [graviteeio-node] [] INFO  i.g.p.e.i.EntrypointConnectorPluginHandler - Install plugin: webhook [io.gravitee.plugin.entrypoint.webhook.WebhookEntrypointConnectorFactory]
20:21:59.356 [graviteeio-node] [] INFO  i.g.p.p.internal.PolicyPluginHandler - Install plugin: regex-threat-protection [io.gravitee.policy.threatprotection.regex.RegexThreatProtectionPolicy]
20:21:59.372 [graviteeio-node] [] INFO  i.g.p.p.internal.PolicyPluginHandler - Install plugin: xml-threat-protection [io.gravitee.policy.threatprotection.xml.XmlThreatProtectionPolicy]
20:21:59.390 [graviteeio-node] [] INFO  i.g.p.p.internal.PolicyPluginHandler - Install plugin: retry [io.gravitee.policy.retry.RetryPolicy]
20:21:59.398 [graviteeio-node] [] INFO  i.g.p.e.i.EndpointConnectorPluginHandler - Install plugin: mock [io.gravitee.plugin.endpoint.mock.MockEndpointConnectorFactory]
20:21:59.405 [graviteeio-node] [] INFO  i.g.p.p.internal.PolicyPluginHandler - Install plugin: jws [io.gravitee.policy.jws.JWSPolicy]
20:21:59.412 [graviteeio-node] [] INFO  i.g.p.p.internal.PolicyPluginHandler - Install plugin: html-json [io.gravitee.policy.html2Json.HTMLToJSONTransformationPolicy]
20:21:59.416 [graviteeio-node] [] INFO  i.g.p.p.internal.PolicyPluginHandler - Install plugin: transform-queryparams [io.gravitee.policy.transformqueryparams.TransformQueryParametersPolicy]
20:21:59.420 [graviteeio-node] [] INFO  i.g.n.r.plugin.ReporterPluginHandler - Install plugin: elastic [io.gravitee.reporter.elasticsearch.ElasticsearchReporter]
20:22:00.267 [graviteeio-node] [] INFO  i.g.p.p.internal.PolicyPluginHandler - Install plugin: dynamic-routing [io.gravitee.policy.dynamicrouting.DynamicRoutingPolicy]
20:22:00.286 [graviteeio-node] [] INFO  i.g.p.e.i.EntrypointConnectorPluginHandler - Install plugin: http-post [io.gravitee.plugin.entrypoint.http.post.HttpPostEntrypointConnectorFactory]
20:22:00.303 [graviteeio-node] [] INFO  i.g.n.p.s.h.ServicePluginHandler - Install plugin: service-bridge-http-server [io.gravitee.repository.bridge.server.BridgeService]
20:22:00.406 [graviteeio-node] [] INFO  i.g.n.r.plugin.ReporterPluginHandler - Installation skipped for: file [io.gravitee.reporter.file.FileReporter]
20:22:00.407 [graviteeio-node] [] INFO  i.g.p.e.i.EndpointConnectorPluginHandler - Install plugin: http-proxy [io.gravitee.plugin.endpoint.http.proxy.HttpProxyEndpointConnectorFactory]
20:22:00.426 [graviteeio-node] [] INFO  i.g.n.p.s.h.ServicePluginHandler - Install plugin: heartbeat [io.gravitee.gateway.services.heartbeat.HeartbeatService]
20:22:00.505 [graviteeio-node] [] INFO  i.g.p.p.internal.PolicyPluginHandler - Install plugin: rbac [io.gravitee.policy.rbac.RoleBasedAccessControlPolicy]
20:22:00.515 [graviteeio-node] [] INFO  i.g.p.p.internal.PolicyPluginHandler - Install plugin: resource-filtering [io.gravitee.policy.resourcefiltering.ResourceFilteringPolicy]
20:22:00.526 [graviteeio-node] [] INFO  i.g.p.p.internal.PolicyPluginHandler - Install plugin: policy-override-request-method [io.gravitee.policy.overriderequestmethod.OverrideRequestMethodPolicy]
20:22:00.536 [graviteeio-node] [] INFO  i.g.p.p.internal.PolicyPluginHandler - Install plugin: mock [io.gravitee.policy.mock.MockPolicy]
20:22:00.558 [graviteeio-node] [] INFO  i.g.p.p.internal.PolicyPluginHandler - Install plugin: policy-request-validation [io.gravitee.policy.requestvalidation.RequestValidationPolicy]
20:22:00.581 [graviteeio-node] [] INFO  i.g.n.p.s.h.ServicePluginHandler - Install plugin: healthcheck [io.gravitee.gateway.services.healthcheck.EndpointHealthcheckService]
20:22:00.713 [graviteeio-node] [] INFO  i.g.p.e.i.EndpointConnectorPluginHandler - Install plugin: kafka [io.gravitee.plugin.endpoint.kafka.KafkaEndpointConnectorFactory]
20:22:00.756 [graviteeio-node] [] INFO  i.g.p.p.internal.PolicyPluginHandler - Install plugin: xml-json [io.gravitee.policy.xml2json.XmlToJsonTransformationPolicy]
20:22:00.790 [graviteeio-node] [] INFO  i.g.p.p.internal.PolicyPluginHandler - Install plugin: http-signature [io.gravitee.policy.httpsignature.HttpSignaturePolicy]
20:22:00.824 [graviteeio-node] [] INFO  i.g.p.p.internal.PolicyPluginHandler - Install plugin: json-to-json [io.gravitee.policy.json2json.JsonToJsonTransformationPolicy]
20:22:00.844 [graviteeio-node] [] INFO  i.g.n.p.s.h.ServicePluginHandler - Install plugin: gateway-debug [io.gravitee.gateway.debug.DebugService]
20:22:01.084 [graviteeio-node] [] INFO  i.g.c.event.impl.EventManagerImpl - Register new listener DebugOrganizationManager for event type class io.gravitee.gateway.platform.manager.OrganizationEvent
20:22:01.385 [graviteeio-node] [] INFO  i.g.c.event.impl.EventManagerImpl - Register new listener DebugReactorEventListener for event type class io.gravitee.gateway.reactor.ReactorEvent
20:22:01.555 [graviteeio-node] [] INFO  i.g.p.p.internal.PolicyPluginHandler - Install plugin: ssl-enforcement [io.gravitee.policy.sslenforcement.SslEnforcementPolicy]
20:22:01.583 [graviteeio-node] [] INFO  i.g.p.p.internal.PolicyPluginHandler - Install plugin: api-key [io.gravitee.policy.apikey.ApiKeyPolicy]
20:22:01.626 [graviteeio-node] [] INFO  i.g.p.p.internal.PolicyPluginHandler - Install plugin: jwt [io.gravitee.policy.jwt.JWTPolicy]
20:22:01.701 [graviteeio-node] [] INFO  i.g.p.p.internal.PolicyPluginHandler - Install plugin: rate-limit [io.gravitee.policy.ratelimit.RateLimitPolicy]
20:22:01.712 [graviteeio-node] [] INFO  i.g.p.p.internal.PolicyPluginHandler - Install plugin: policy-assign-content [io.gravitee.policy.assigncontent.AssignContentPolicy]
20:22:01.724 [graviteeio-node] [] INFO  i.g.p.p.internal.PolicyPluginHandler - Install plugin: policy-generate-jwt [io.gravitee.policy.generatejwt.GenerateJwtPolicy]
20:22:01.735 [graviteeio-node] [] INFO  i.g.p.p.internal.PolicyPluginHandler - Install plugin: key-less [io.gravitee.policy.keyless.KeylessPolicy]
20:22:01.739 [graviteeio-node] [] INFO  i.g.p.p.i.PolicyConfigurationClassFinder - No policy configuration class defined for policy io.gravitee.policy.keyless.KeylessPolicy
20:22:01.741 [graviteeio-node] [] INFO  i.g.p.p.internal.PolicyPluginHandler - Install plugin: spike-arrest [io.gravitee.policy.spike.SpikeArrestPolicy]
20:22:01.766 [graviteeio-node] [] INFO  i.g.p.p.internal.PolicyPluginHandler - Install plugin: url-rewriting [io.gravitee.policy.urlrewriting.URLRewritingPolicy]
20:22:01.773 [graviteeio-node] [] INFO  i.g.p.p.internal.PolicyPluginHandler - Install plugin: policy-assign-attributes [io.gravitee.policy.assignattributes.AssignAttributesPolicy]
20:22:01.784 [graviteeio-node] [] INFO  i.g.p.e.i.EntrypointConnectorPluginHandler - Install plugin: http-get [io.gravitee.plugin.entrypoint.http.get.HttpGetEntrypointConnectorFactory]
20:22:01.821 [graviteeio-node] [] INFO  i.g.p.p.internal.PolicyPluginHandler - Install plugin: quota [io.gravitee.policy.quota.QuotaPolicy]
20:22:01.840 [graviteeio-node] [] INFO  i.g.p.r.i.ResourcePluginHandler - Install plugin: oauth2 [io.gravitee.resource.oauth2.generic.OAuth2GenericResource]
20:22:01.847 [graviteeio-node] [] INFO  i.g.p.p.internal.PolicyPluginHandler - Install plugin: ip-filtering [io.gravitee.policy.ipfiltering.IPFilteringPolicy]
20:22:01.876 [graviteeio-node] [] INFO  i.g.p.c.i.ConnectorPluginHandler - Install plugin: connector-http [io.gravitee.connector.http.HttpConnectorFactory]
20:22:01.890 [graviteeio-node] [] INFO  i.g.p.c.i.ConnectorConfigurationClassFinder - No connector configuration class defined for connector io.gravitee.connector.http.HttpConnectorFactory
20:22:01.911 [graviteeio-node] [] INFO  i.g.p.p.internal.PolicyPluginHandler - Install plugin: metrics-reporter [io.gravitee.policy.metricsreporter.MetricsReporterPolicy]
20:22:01.920 [graviteeio-node] [] INFO  i.g.p.p.internal.PolicyPluginHandler - Install plugin: json-validation [io.gravitee.policy.jsonvalidation.JsonValidationPolicy]
20:22:01.937 [graviteeio-node] [] INFO  i.g.p.e.i.EntrypointConnectorPluginHandler - Install plugin: websocket [io.gravitee.plugin.entrypoint.websocket.WebSocketEntrypointConnectorFactory]
20:22:01.961 [graviteeio-node] [] INFO  i.g.p.p.internal.PolicyPluginHandler - Install plugin: json-xml [io.gravitee.policy.json2xml.JsonToXmlTransformationPolicy]
20:22:02.000 [graviteeio-node] [] INFO  i.g.p.p.internal.PolicyPluginHandler - Install plugin: transform-headers [io.gravitee.policy.transformheaders.TransformHeadersPolicy]
20:22:02.009 [graviteeio-node] [] INFO  i.g.p.r.i.ResourcePluginHandler - Install plugin: cache [io.gravitee.resource.cache.InMemoryCacheResource]
20:22:02.015 [graviteeio-node] [] INFO  i.g.p.p.internal.PolicyPluginHandler - Install plugin: xslt [io.gravitee.policy.xslt.XSLTTransformationPolicy]
20:22:02.025 [graviteeio-node] [] INFO  i.g.p.p.internal.PolicyPluginHandler - Install plugin: generate-http-signature [io.gravitee.policy.generatehttpsignature.GenerateHttpSignaturePolicy]
20:22:02.031 [graviteeio-node] [] INFO  i.g.p.p.internal.PolicyPluginHandler - Install plugin: request-content-limit [io.gravitee.policy.rcl.RequestContentLimitPolicy]
20:22:02.036 [graviteeio-node] [] INFO  i.g.p.p.internal.PolicyPluginHandler - Install plugin: oauth2 [io.gravitee.policy.oauth2.Oauth2Policy]
20:22:02.045 [graviteeio-node] [] INFO  i.g.n.r.plugin.ReporterPluginHandler - Install plugin: reporter-tcp [io.gravitee.reporter.tcp.TcpReporter]
20:22:02.548 [graviteeio-node] [] INFO  i.g.p.p.internal.PolicyPluginHandler - Install plugin: policy-http-callout [io.gravitee.policy.callout.CalloutHttpPolicy]
20:22:02.578 [graviteeio-node] [] INFO  i.g.p.c.internal.PluginRegistryImpl - Plugins have been loaded and installed.
20:22:02.578 [graviteeio-node] [] INFO  i.g.g.standalone.node.GatewayNode - 	Starting component: ServiceManager
20:22:02.579 [graviteeio-node] [] INFO  i.g.common.service.AbstractService - Initializing service Plugins - Services Manager
20:22:02.607 [graviteeio-node] [] INFO  i.g.common.service.AbstractService - Initializing service Endpoints Discovery
20:22:02.612 [vert.x-eventloop-thread-2] [] INFO  i.g.c.event.impl.EventManagerImpl - Register new listener EndpointHealthcheckVerticle for event type class io.gravitee.gateway.reactor.ReactorEvent
20:22:02.621 [graviteeio-node] [] INFO  i.g.common.service.AbstractService - Initializing service Health-check service
20:22:02.621 [graviteeio-node] [] INFO  i.g.common.service.AbstractService - Initializing service Asynchronous Rate Limit proxy
20:22:02.623 [vert.x-eventloop-thread-3] [] INFO  i.g.c.event.impl.EventManagerImpl - Register new listener EndpointDiscoveryVerticle for event type class io.gravitee.gateway.reactor.ReactorEvent
20:22:02.653 [graviteeio-node] [] INFO  i.g.g.s.r.AsyncRateLimitService - Register the rate-limit service bridge for synchronous and asynchronous mode
20:22:02.655 [graviteeio-node] [] INFO  i.g.common.service.AbstractService - Initializing service Gateway Sync Service
20:22:02.655 [graviteeio-node] [] INFO  i.g.g.services.sync.SyncService - Sync service has been initialized with delay [5000MILLISECONDS]
20:22:02.655 [graviteeio-node] [] INFO  i.g.g.services.sync.SyncService - Associate a new HTTP handler on /sync
20:22:02.672 [graviteeio-node] [] INFO  i.g.common.service.AbstractService - Initializing service API keys cache
20:22:02.673 [graviteeio-node] [] INFO  i.g.g.s.s.cache.ApiKeysCacheService - Associate a new HTTP handler on /apikeys
20:22:02.677 [graviteeio-node] [] INFO  i.g.common.service.AbstractService - Initializing service Subscriptions cache repository
20:22:02.678 [graviteeio-node] [] INFO  i.g.g.s.s.c.SubscriptionsCacheService - Associate a new HTTP handler on /subscriptions
20:22:02.680 [graviteeio-node] [] INFO  i.g.common.service.AbstractService - Initializing service io.gravitee.gateway.services.sync.SyncManager
20:22:02.680 [graviteeio-node] [] INFO  i.g.common.service.AbstractService - Initializing service io.gravitee.gateway.services.sync.synchronizer.ApiSynchronizer
20:22:02.680 [graviteeio-node] [] INFO  i.g.common.service.AbstractService - Initializing service io.gravitee.gateway.services.sync.synchronizer.DictionarySynchronizer
20:22:02.680 [graviteeio-node] [] INFO  i.g.common.service.AbstractService - Initializing service io.gravitee.gateway.services.sync.synchronizer.OrganizationSynchronizer
20:22:02.680 [graviteeio-node] [] INFO  i.g.common.service.AbstractService - Initializing service io.gravitee.gateway.services.sync.synchronizer.DebugApiSynchronizer
20:22:03.296 [graviteeio-node] [] INFO  i.g.g.s.s.s.OrganizationSynchronizer - 0 organization(s) synchronized in 230ms.
20:22:03.332 [graviteeio-node] [] INFO  i.g.g.s.s.s.ApiSynchronizer - 0 apis synchronized in 35ms
20:22:03.348 [graviteeio-node] [] INFO  i.g.g.s.s.s.DictionarySynchronizer - 0 dictionary(ies) synchronized in 15ms.
20:22:03.368 [graviteeio-node] [] INFO  i.g.c.event.impl.EventManagerImpl - Register new listener ApiKeysCacheService for event type class io.gravitee.gateway.reactor.ReactorEvent
20:22:03.382 [graviteeio-node] [] INFO  i.g.c.event.impl.EventManagerImpl - Register new listener SubscriptionsCacheService for event type class io.gravitee.gateway.reactor.ReactorEvent
20:22:03.578 [graviteeio-node] [] INFO  i.g.g.s.h.i.s.StandaloneHeartbeatStrategy - Start gateway heartbeat service
20:22:03.579 [graviteeio-node] [] INFO  i.g.g.s.h.i.s.StandaloneHeartbeatStrategy - Gateway heartbeat service scheduled with fixed delay 5000 MILLISECONDS
20:22:03.582 [graviteeio-node] [] INFO  i.g.g.s.h.i.s.StandaloneHeartbeatStrategy - Start gateway heartbeat service: DONE
20:22:03.582 [graviteeio-node] [] INFO  i.g.common.service.AbstractService - Initializing service Gateway - Debug service
20:22:03.582 [graviteeio-node] [] INFO  i.g.gateway.debug.DebugService - Starting component: VertxDebugService
20:22:03.583 [graviteeio-node] [] INFO  i.g.g.debug.vertx.VertxDebugService - Starting Vertx DEBUG container and deploy only 1 Verticle
20:22:03.584 [graviteeio-node] [] INFO  i.g.gateway.debug.DebugService - Starting component: DebugReactorEventListener
20:22:03.584 [graviteeio-node] [] INFO  i.g.common.service.AbstractService - Initializing service io.gravitee.gateway.jupiter.debug.DebugReactorEventListener
20:22:03.584 [graviteeio-node] [] INFO  i.g.c.event.impl.EventManagerImpl - Register new listener DebugReactorEventListener for event type class io.gravitee.gateway.reactor.ReactorEvent
20:22:03.585 [graviteeio-node] [] INFO  i.g.g.standalone.node.GatewayNode - 	Starting component: ManagementService
20:22:03.585 [graviteeio-node] [] INFO  i.g.common.service.AbstractService - Initializing service Node Management API service
20:22:03.586 [graviteeio-node] [] INFO  i.g.g.standalone.node.GatewayNode - 	Starting component: NodeMonitoringEventHandler
20:22:03.587 [graviteeio-node] [] INFO  i.g.common.service.AbstractService - Initializing service io.gravitee.node.monitoring.handler.NodeMonitoringEventHandler
20:22:03.589 [graviteeio-node] [] INFO  i.g.g.standalone.node.GatewayNode - 	Starting component: NodeInfosService
20:22:03.589 [vert.x-eventloop-thread-5] [] INFO  i.g.n.m.h.v.v.ManagementVerticle - Start HTTP listener for Node Management API
20:22:03.589 [graviteeio-node] [] INFO  i.g.n.m.infos.NodeInfosService - Starting node infos service
20:22:03.590 [graviteeio-node] [] INFO  i.g.common.service.AbstractService - Initializing service Node Infos Service
20:22:03.635 [graviteeio-node] [] INFO  i.g.n.m.infos.NodeInfosService - Start node infos service: DONE
20:22:03.635 [graviteeio-node] [] INFO  i.g.g.standalone.node.GatewayNode - 	Starting component: NodeHealthCheckService
20:22:03.636 [graviteeio-node] [] INFO  i.g.common.service.AbstractService - Initializing service Node Health-check service
20:22:03.668 [graviteeio-node] [] INFO  i.g.n.m.h.v.e.ManagementEndpointManagerImpl - Register a new endpoint for Management API: GET /health [io.gravitee.node.monitoring.healthcheck.NodeHealthCheckManagementEndpoint]
20:22:03.678 [graviteeio-node] [] INFO  i.g.g.standalone.node.GatewayNode - 	Starting component: NodeMonitorService
20:22:03.678 [graviteeio-node] [] INFO  i.g.common.service.AbstractService - Initializing service Node Monitor Service
20:22:03.708 [graviteeio-node] [] INFO  i.g.n.m.monitor.NodeMonitorService - Node monitoring scheduled with fixed delay 5000 MILLISECONDS 
20:22:03.714 [graviteeio-node] [] INFO  i.g.n.m.h.v.e.ManagementEndpointManagerImpl - Register a new endpoint for Management API: GET /monitor [io.gravitee.node.monitoring.monitor.NodeMonitorManagementEndpoint]
20:22:03.715 [graviteeio-node] [] INFO  i.g.g.standalone.node.GatewayNode - 	Starting component: ReporterManager
20:22:03.715 [graviteeio-node] [] INFO  i.g.common.service.AbstractService - Initializing service Reporter service
20:22:03.716 [graviteeio-node] [] INFO  i.g.g.standalone.node.GatewayNode - 	Starting component: KeyStoreLoaderManager
20:22:03.717 [graviteeio-node] [] INFO  i.g.common.service.AbstractService - Initializing service io.gravitee.node.certificates.KeyStoreLoaderManager
20:22:03.721 [graviteeio-node] [] INFO  i.g.g.standalone.node.GatewayNode - 	Starting component: AlertEventProducerManager
20:22:03.721 [graviteeio-node] [] INFO  i.g.common.service.AbstractService - Initializing service Alert Engine - Event producer
20:22:03.728 [graviteeio-node] [] INFO  i.g.ae.connector.ws.WsEventProducer - AlertEngine connector is enabled. Starting connector.
20:22:03.782 [graviteeio-node] [] INFO  i.g.ae.connector.ws.HttpConnector - AlertEngine connector is disabled.
20:22:03.797 [vert.x-eventloop-thread-0] [] INFO  i.g.n.r.vertx.ReporterManagerImpl - Starting reporter: io.gravitee.node.reporter.vertx.eventbus.EventBusReporterWrapper@433ff17e
20:22:03.820 [vert.x-eventloop-thread-0] [] INFO  i.g.n.r.vertx.ReporterManagerImpl - Starting reporter: io.gravitee.node.reporter.vertx.eventbus.EventBusReporterWrapper@528082c3
20:22:03.832 [vert.x-worker-thread-0] [] INFO  i.g.common.service.AbstractService - Initializing service io.gravitee.reporter.elasticsearch.ElasticsearchReporter
20:22:03.833 [vert.x-worker-thread-0] [] INFO  i.g.r.e.ElasticsearchReporter - Starting Elastic reporter engine...
20:22:04.128 [graviteeio-node] [] INFO  i.g.g.standalone.node.GatewayNode - Gravitee.io - API Gateway id[d0878e9d-eb4f-4194-878e-9deb4ff19444] version[3.20.13] pid[1] build[383732#8db1c24a3a] jvm[Eclipse Adoptium/OpenJDK 64-Bit Server VM/17.0.5+8] started in 16977 ms.
20:22:04.214 [RxComputationThreadPool-4] [] WARN  i.g.ae.connector.ws.WsEventProducer - An error occurred trying to send events: The connector is not yet ready
20:22:04.301 [vert.x-eventloop-thread-4] [] INFO  i.g.g.d.vertx.DebugReactorVerticle - Debug HTTP listener ready to accept requests on port 8482
20:22:04.307 [vert.x-eventloop-thread-5] [] INFO  i.g.n.m.h.v.e.ManagementEndpointManagerImpl - Register a new endpoint for Management API: GET / [io.gravitee.node.management.http.node.NodeEndpoint]
20:22:04.307 [vert.x-eventloop-thread-5] [] INFO  i.g.n.m.h.v.e.ManagementEndpointManagerImpl - Register a new endpoint for Management API: GET /configuration [io.gravitee.node.management.http.configuration.ConfigurationEndpoint]
20:22:04.307 [vert.x-eventloop-thread-5] [] INFO  i.g.n.m.h.v.v.ManagementVerticle - HTTP listener for Node Management bind to port TCP:18082
20:22:05.798 [vert.x-eventloop-thread-0] [] INFO  i.g.r.e.ElasticsearchReporter - Starting Elastic reporter engine... DONE
20:22:05.798 [vert.x-eventloop-thread-0] [] INFO  i.g.r.e.ElasticsearchReporter - Index mapping template successfully defined
20:24:15.703 [vert.x-eventloop-thread-6] [] WARN  i.g.g.r.p.notfound.NotFoundProcessor - No handler can be found for request /, returning NOT_FOUND (404)
