15:35:39.107 [graviteeio-node] [] INFO  i.g.n.c.s.e.PropertiesConfiguration - Loading Gravitee configuration.
15:35:39.214 [graviteeio-node] [] INFO  i.g.n.c.s.e.PropertiesConfiguration - 	Gravitee configuration loaded from /opt/graviteeio-gateway/config/gravitee.yml
15:35:39.734 [graviteeio-node] [] INFO  i.g.n.c.s.e.PropertiesConfiguration - Loading Gravitee configuration. DONE
15:35:39.847 [graviteeio-node] [] INFO  i.g.p.c.s.PluginHandlerBeanFactoryPostProcessor - Loading plugin handlers
15:35:39.890 [graviteeio-node] [] INFO  i.g.p.c.s.PluginHandlerBeanFactoryPostProcessor - Find 11 plugin handler(s):
15:35:39.895 [graviteeio-node] [] INFO  i.g.p.c.s.PluginHandlerBeanFactoryPostProcessor - 	io.gravitee.plugin.entrypoint.internal.EntrypointConnectorPluginHandler
15:35:39.896 [graviteeio-node] [] INFO  i.g.p.c.s.PluginHandlerBeanFactoryPostProcessor - 	io.gravitee.plugin.discovery.internal.ServiceDiscoveryPluginHandler
15:35:39.898 [graviteeio-node] [] INFO  i.g.p.c.s.PluginHandlerBeanFactoryPostProcessor - 	io.gravitee.plugin.connector.internal.ConnectorPluginHandler
15:35:39.899 [graviteeio-node] [] INFO  i.g.p.c.s.PluginHandlerBeanFactoryPostProcessor - 	io.gravitee.plugin.policy.internal.PolicyPluginHandler
15:35:39.913 [graviteeio-node] [] INFO  i.g.p.c.s.PluginHandlerBeanFactoryPostProcessor - 	io.gravitee.node.plugins.service.handler.ServicePluginHandler
15:35:39.915 [graviteeio-node] [] INFO  i.g.p.c.s.PluginHandlerBeanFactoryPostProcessor - 	io.gravitee.node.tracing.plugin.TracingPluginHandler
15:35:39.917 [graviteeio-node] [] INFO  i.g.p.c.s.PluginHandlerBeanFactoryPostProcessor - 	io.gravitee.plugin.endpoint.internal.EndpointConnectorPluginHandler
15:35:39.921 [graviteeio-node] [] INFO  i.g.p.c.s.PluginHandlerBeanFactoryPostProcessor - 	io.gravitee.plugin.repository.internal.RepositoryPluginHandler
15:35:39.922 [graviteeio-node] [] INFO  i.g.p.c.s.PluginHandlerBeanFactoryPostProcessor - 	io.gravitee.node.reporter.plugin.ReporterPluginHandler
15:35:39.924 [graviteeio-node] [] INFO  i.g.p.c.s.PluginHandlerBeanFactoryPostProcessor - 	io.gravitee.plugin.alert.internal.AlertPluginHandler
15:35:39.926 [graviteeio-node] [] INFO  i.g.p.c.s.PluginHandlerBeanFactoryPostProcessor - 	io.gravitee.plugin.resource.internal.ResourcePluginHandler
15:35:41.364 [graviteeio-node] [] INFO  i.g.node.tracing.TracingService - Tracing support is enabled with tracer: name[jaeger]
15:35:41.411 [graviteeio-node] [] INFO  i.g.p.r.i.RepositoryPluginHandler - Loading repository for scope MANAGEMENT: mongodb
15:35:41.412 [graviteeio-node] [] INFO  i.g.p.r.i.RepositoryPluginHandler - Loading repository for scope RATE_LIMIT: mongodb
15:35:43.435 [graviteeio-node] [] WARN  i.g.gateway.env.TimeoutConfiguration - A proper timeout (greater than 0) should be set in order to avoid unclose connection, suggested value is 30_000 ms
15:35:44.131 [graviteeio-node] [] INFO  i.g.c.event.impl.EventManagerImpl - Register new listener ReactorEventListener for event type class io.gravitee.gateway.reactor.ReactorEvent
15:35:45.513 [graviteeio-node] [] INFO  i.g.n.c.ReloadableKeyManager - Key store has been (re)loaded with 1 entries.
15:35:45.603 [graviteeio-node] [] WARN  i.gravitee.common.util.DataEncryptor - 
15:35:45.603 [graviteeio-node] [] WARN  i.gravitee.common.util.DataEncryptor - ##############################################################
15:35:45.603 [graviteeio-node] [] WARN  i.gravitee.common.util.DataEncryptor - #                      SECURITY WARNING                      #
15:35:45.603 [graviteeio-node] [] WARN  i.gravitee.common.util.DataEncryptor - ##############################################################
15:35:45.603 [graviteeio-node] [] WARN  i.gravitee.common.util.DataEncryptor - 
15:35:45.603 [graviteeio-node] [] WARN  i.gravitee.common.util.DataEncryptor - You still use the default secret.
15:35:45.603 [graviteeio-node] [] WARN  i.gravitee.common.util.DataEncryptor - This known secret can be used to access protected information.
15:35:45.603 [graviteeio-node] [] WARN  i.gravitee.common.util.DataEncryptor - Please customize the 'api.properties.encryption.secret' parameter value, or ask your administrator to do it.
15:35:45.603 [graviteeio-node] [] WARN  i.gravitee.common.util.DataEncryptor - 
15:35:45.603 [graviteeio-node] [] WARN  i.gravitee.common.util.DataEncryptor - ##############################################################
15:35:45.603 [graviteeio-node] [] WARN  i.gravitee.common.util.DataEncryptor - 
15:35:45.665 [graviteeio-node] [] INFO  i.g.n.m.h.v.e.ManagementEndpointManagerImpl - Register a new endpoint for Management API: GET /apis [io.gravitee.gateway.handlers.api.manager.endpoint.ApisManagementEndpoint]
15:35:45.703 [graviteeio-node] [] INFO  i.g.n.m.h.v.e.ManagementEndpointManagerImpl - Register a new endpoint for Management API: GET /apis/:apiId [io.gravitee.gateway.handlers.api.manager.endpoint.ApiManagementEndpoint]
15:35:46.033 [graviteeio-node] [] INFO  i.g.node.container.AbstractContainer - Starting Gravitee.io - API Gateway...
15:35:46.034 [graviteeio-node] [] INFO  i.g.g.standalone.node.GatewayNode - Gravitee.io - API Gateway is now starting...
15:35:46.036 [graviteeio-node] [] INFO  i.g.g.standalone.node.GatewayNode - 	Starting component: NodeMonitoringReporterService
15:35:46.069 [graviteeio-node] [] INFO  i.g.g.standalone.node.GatewayNode - 	Starting component: ReactorEventListener
15:35:46.069 [graviteeio-node] [] INFO  i.g.common.service.AbstractService - Initializing service io.gravitee.gateway.reactor.handler.ReactorEventListener
15:35:46.069 [graviteeio-node] [] INFO  i.g.g.standalone.node.GatewayNode - 	Starting component: VertxEmbeddedContainer
15:35:46.070 [graviteeio-node] [] INFO  i.g.g.s.vertx.VertxEmbeddedContainer - Starting Vertx container and deploy Gateway Verticles [8 instance(s)]
15:35:46.167 [graviteeio-node] [] INFO  i.g.g.standalone.node.GatewayNode - 	Starting component: SubscriptionDispatcher
15:35:46.167 [graviteeio-node] [] INFO  i.g.common.service.AbstractService - Initializing service io.gravitee.gateway.jupiter.reactor.v4.subscription.DefaultSubscriptionDispatcher
15:35:46.167 [graviteeio-node] [] INFO  i.g.g.standalone.node.GatewayNode - 	Starting component: ClusterService
15:35:46.168 [graviteeio-node] [] INFO  i.g.common.service.AbstractService - Initializing service io.gravitee.node.cluster.ClusterService
15:35:46.168 [graviteeio-node] [] INFO  i.g.g.standalone.node.GatewayNode - 	Starting component: LicenseService
15:35:46.168 [graviteeio-node] [] INFO  i.g.common.service.AbstractService - Initializing service License service
15:35:46.169 [graviteeio-node] [] INFO  i.g.node.license.LicenseService - No license file found. Some plugins may be disabled
15:35:46.194 [graviteeio-node] [] INFO  i.g.n.m.h.v.e.ManagementEndpointManagerImpl - Register a new endpoint for Management API: GET /license [io.gravitee.node.license.management.NodeLicenseManagementEndpoint]
15:35:46.195 [graviteeio-node] [] INFO  i.g.g.standalone.node.GatewayNode - 	Starting component: PluginEventListener
15:35:46.195 [graviteeio-node] [] INFO  i.g.common.service.AbstractService - Initializing service io.gravitee.plugin.core.internal.PluginEventListener
15:35:46.196 [graviteeio-node] [] INFO  i.g.c.event.impl.EventManagerImpl - Register new listener PluginEventListener for event type class io.gravitee.plugin.core.api.PluginEvent
15:35:46.196 [graviteeio-node] [] INFO  i.g.g.standalone.node.GatewayNode - 	Starting component: PluginRegistry
15:35:46.196 [graviteeio-node] [] INFO  i.g.common.service.AbstractService - Initializing service io.gravitee.plugin.core.internal.PluginRegistryImpl
15:35:46.196 [graviteeio-node] [] INFO  i.g.p.c.internal.PluginRegistryImpl - Initializing plugin registry.
15:35:46.196 [graviteeio-node] [] INFO  i.g.p.c.internal.PluginRegistryImpl - Loading plugins from /opt/graviteeio-gateway/plugins
15:35:48.285 [graviteeio-node] [] INFO  i.g.p.c.internal.PluginRegistryImpl - List of available service: 
15:35:48.286 [graviteeio-node] [] INFO  i.g.p.c.internal.PluginRegistryImpl - 	> heartbeat [3.20.13] has been loaded
15:35:48.286 [graviteeio-node] [] INFO  i.g.p.c.internal.PluginRegistryImpl - 	> gateway-debug [3.20.13] has been loaded
15:35:48.286 [graviteeio-node] [] INFO  i.g.p.c.internal.PluginRegistryImpl - 	> sync [3.20.13] has been loaded
15:35:48.286 [graviteeio-node] [] INFO  i.g.p.c.internal.PluginRegistryImpl - 	> service-endpoint-discovery [3.20.13] has been loaded
15:35:48.286 [graviteeio-node] [] INFO  i.g.p.c.internal.PluginRegistryImpl - 	> localregistry [3.20.13] has been loaded
15:35:48.286 [graviteeio-node] [] INFO  i.g.p.c.internal.PluginRegistryImpl - 	> healthcheck [3.20.13] has been loaded
15:35:48.286 [graviteeio-node] [] INFO  i.g.p.c.internal.PluginRegistryImpl - 	> ratelimitasync [2.0.0] has been loaded
15:35:48.286 [graviteeio-node] [] INFO  i.g.p.c.internal.PluginRegistryImpl - 	> service-bridge-http-server [3.20.13] has been loaded
15:35:48.286 [graviteeio-node] [] INFO  i.g.p.c.internal.PluginRegistryImpl - List of available endpoint-connector: 
15:35:48.286 [graviteeio-node] [] INFO  i.g.p.c.internal.PluginRegistryImpl - 	> http-proxy [3.20.13] has been loaded
15:35:48.286 [graviteeio-node] [] INFO  i.g.p.c.internal.PluginRegistryImpl - 	> mock [3.20.13] has been loaded
15:35:48.286 [graviteeio-node] [] INFO  i.g.p.c.internal.PluginRegistryImpl - 	> mqtt5 [3.20.13] has been loaded
15:35:48.286 [graviteeio-node] [] INFO  i.g.p.c.internal.PluginRegistryImpl - 	> kafka [3.20.13] has been loaded
15:35:48.287 [graviteeio-node] [] INFO  i.g.p.c.internal.PluginRegistryImpl - List of available alert: 
15:35:48.287 [graviteeio-node] [] INFO  i.g.p.c.internal.PluginRegistryImpl - 	> alert-engine-connector-ws [2.0.0] has been loaded
15:35:48.287 [graviteeio-node] [] INFO  i.g.p.c.internal.PluginRegistryImpl - List of available entrypoint-connector: 
15:35:48.287 [graviteeio-node] [] INFO  i.g.p.c.internal.PluginRegistryImpl - 	> http-proxy [3.20.13] has been loaded
15:35:48.287 [graviteeio-node] [] INFO  i.g.p.c.internal.PluginRegistryImpl - 	> http-get [3.20.13] has been loaded
15:35:48.287 [graviteeio-node] [] INFO  i.g.p.c.internal.PluginRegistryImpl - 	> sse [3.20.13] has been loaded
15:35:48.287 [graviteeio-node] [] INFO  i.g.p.c.internal.PluginRegistryImpl - 	> webhook [3.20.13] has been loaded
15:35:48.287 [graviteeio-node] [] INFO  i.g.p.c.internal.PluginRegistryImpl - 	> http-post [3.20.13] has been loaded
15:35:48.287 [graviteeio-node] [] INFO  i.g.p.c.internal.PluginRegistryImpl - 	> websocket [3.20.13] has been loaded
15:35:48.287 [graviteeio-node] [] INFO  i.g.p.c.internal.PluginRegistryImpl - List of available connector: 
15:35:48.287 [graviteeio-node] [] INFO  i.g.p.c.internal.PluginRegistryImpl - 	> connector-http [2.1.3] has been loaded
15:35:48.287 [graviteeio-node] [] INFO  i.g.p.c.internal.PluginRegistryImpl - List of available policy: 
15:35:48.287 [graviteeio-node] [] INFO  i.g.p.c.internal.PluginRegistryImpl - 	> policy-assign-attributes [1.5.1] has been loaded
15:35:48.287 [graviteeio-node] [] INFO  i.g.p.c.internal.PluginRegistryImpl - 	> cache [1.16.0] has been loaded
15:35:48.287 [graviteeio-node] [] INFO  i.g.p.c.internal.PluginRegistryImpl - 	> api-key [3.0.0] has been loaded
15:35:48.287 [graviteeio-node] [] INFO  i.g.p.c.internal.PluginRegistryImpl - 	> policy-http-callout [2.0.1] has been loaded
15:35:48.288 [graviteeio-node] [] INFO  i.g.p.c.internal.PluginRegistryImpl - 	> dynamic-routing [1.11.3] has been loaded
15:35:48.288 [graviteeio-node] [] INFO  i.g.p.c.internal.PluginRegistryImpl - 	> policy-generate-jwt [1.5.0] has been loaded
15:35:48.288 [graviteeio-node] [] INFO  i.g.p.c.internal.PluginRegistryImpl - 	> generate-http-signature [1.1.0] has been loaded
15:35:48.288 [graviteeio-node] [] INFO  i.g.p.c.internal.PluginRegistryImpl - 	> http-signature [1.5.0] has been loaded
15:35:48.288 [graviteeio-node] [] INFO  i.g.p.c.internal.PluginRegistryImpl - 	> policy-assign-content [1.7.0] has been loaded
15:35:48.292 [graviteeio-node] [] INFO  i.g.p.c.internal.PluginRegistryImpl - 	> html-json [1.6.0] has been loaded
15:35:48.292 [graviteeio-node] [] INFO  i.g.p.c.internal.PluginRegistryImpl - 	> json-threat-protection [1.3.3] has been loaded
15:35:48.292 [graviteeio-node] [] INFO  i.g.p.c.internal.PluginRegistryImpl - 	> json-to-json [1.7.1] has been loaded
15:35:48.292 [graviteeio-node] [] INFO  i.g.p.c.internal.PluginRegistryImpl - 	> ip-filtering [1.9.0] has been loaded
15:35:48.292 [graviteeio-node] [] INFO  i.g.p.c.internal.PluginRegistryImpl - 	> groovy [2.4.1] has been loaded
15:35:48.292 [graviteeio-node] [] INFO  i.g.p.c.internal.PluginRegistryImpl - 	> latency [1.4.0] has been loaded
15:35:48.292 [graviteeio-node] [] INFO  i.g.p.c.internal.PluginRegistryImpl - 	> key-less [2.0.0] has been loaded
15:35:48.292 [graviteeio-node] [] INFO  i.g.p.c.internal.PluginRegistryImpl - 	> message-filtering [1.0.0] has been loaded
15:35:48.292 [graviteeio-node] [] INFO  i.g.p.c.internal.PluginRegistryImpl - 	> json-xml [2.0.0] has been loaded
15:35:48.292 [graviteeio-node] [] INFO  i.g.p.c.internal.PluginRegistryImpl - 	> mock [1.13.0] has been loaded
15:35:48.292 [graviteeio-node] [] INFO  i.g.p.c.internal.PluginRegistryImpl - 	> jwt [3.0.0] has been loaded
15:35:48.292 [graviteeio-node] [] INFO  i.g.p.c.internal.PluginRegistryImpl - 	> jws [1.3.3] has been loaded
15:35:48.292 [graviteeio-node] [] INFO  i.g.p.c.internal.PluginRegistryImpl - 	> quota [2.0.0] has been loaded
15:35:48.292 [graviteeio-node] [] INFO  i.g.p.c.internal.PluginRegistryImpl - 	> policy-openid-userinfo [1.5.2] has been loaded
15:35:48.292 [graviteeio-node] [] INFO  i.g.p.c.internal.PluginRegistryImpl - 	> policy-override-request-method [1.3.0] has been loaded
15:35:48.292 [graviteeio-node] [] INFO  i.g.p.c.internal.PluginRegistryImpl - 	> request-content-limit [1.8.0] has been loaded
15:35:48.292 [graviteeio-node] [] INFO  i.g.p.c.internal.PluginRegistryImpl - 	> rate-limit [2.0.0] has been loaded
15:35:48.292 [graviteeio-node] [] INFO  i.g.p.c.internal.PluginRegistryImpl - 	> retry [2.1.0] has been loaded
15:35:48.292 [graviteeio-node] [] INFO  i.g.p.c.internal.PluginRegistryImpl - 	> metrics-reporter [2.0.0] has been loaded
15:35:48.292 [graviteeio-node] [] INFO  i.g.p.c.internal.PluginRegistryImpl - 	> oauth2 [2.0.1] has been loaded
15:35:48.292 [graviteeio-node] [] INFO  i.g.p.c.internal.PluginRegistryImpl - 	> regex-threat-protection [1.3.3] has been loaded
15:35:48.292 [graviteeio-node] [] INFO  i.g.p.c.internal.PluginRegistryImpl - 	> spike-arrest [2.0.0] has been loaded
15:35:48.292 [graviteeio-node] [] INFO  i.g.p.c.internal.PluginRegistryImpl - 	> policy-request-validation [1.13.2] has been loaded
15:35:48.292 [graviteeio-node] [] INFO  i.g.p.c.internal.PluginRegistryImpl - 	> json-validation [1.6.1] has been loaded
15:35:48.292 [graviteeio-node] [] INFO  i.g.p.c.internal.PluginRegistryImpl - 	> ssl-enforcement [1.2.3] has been loaded
15:35:48.292 [graviteeio-node] [] INFO  i.g.p.c.internal.PluginRegistryImpl - 	> rest-to-soap [1.13.0] has been loaded
15:35:48.293 [graviteeio-node] [] INFO  i.g.p.c.internal.PluginRegistryImpl - 	> resource-filtering [1.8.0] has been loaded
15:35:48.293 [graviteeio-node] [] INFO  i.g.p.c.internal.PluginRegistryImpl - 	> xml-json [1.8.3] has been loaded
15:35:48.293 [graviteeio-node] [] INFO  i.g.p.c.internal.PluginRegistryImpl - 	> transform-queryparams [1.6.0] has been loaded
15:35:48.293 [graviteeio-node] [] INFO  i.g.p.c.internal.PluginRegistryImpl - 	> rbac [1.1.0] has been loaded
15:35:48.293 [graviteeio-node] [] INFO  i.g.p.c.internal.PluginRegistryImpl - 	> transform-headers [1.10.0] has been loaded
15:35:48.293 [graviteeio-node] [] INFO  i.g.p.c.internal.PluginRegistryImpl - 	> traffic-shadowing [2.0.0] has been loaded
15:35:48.296 [graviteeio-node] [] INFO  i.g.p.c.internal.PluginRegistryImpl - 	> url-rewriting [1.5.2] has been loaded
15:35:48.296 [graviteeio-node] [] INFO  i.g.p.c.internal.PluginRegistryImpl - 	> xml-threat-protection [1.3.3] has been loaded
15:35:48.297 [graviteeio-node] [] INFO  i.g.p.c.internal.PluginRegistryImpl - 	> xml-validation [1.1.0] has been loaded
15:35:48.297 [graviteeio-node] [] INFO  i.g.p.c.internal.PluginRegistryImpl - 	> xslt [2.0.0] has been loaded
15:35:48.297 [graviteeio-node] [] INFO  i.g.p.c.internal.PluginRegistryImpl - List of available repository: 
15:35:48.297 [graviteeio-node] [] INFO  i.g.p.c.internal.PluginRegistryImpl - 	> repository-bridge-http-client [3.20.13] has been loaded
15:35:48.297 [graviteeio-node] [] INFO  i.g.p.c.internal.PluginRegistryImpl - 	> repository-mongodb [3.20.13] has been loaded
15:35:48.297 [graviteeio-node] [] INFO  i.g.p.c.internal.PluginRegistryImpl - 	> repository-jdbc [3.20.13] has been loaded
15:35:48.297 [graviteeio-node] [] INFO  i.g.p.c.internal.PluginRegistryImpl - List of available resource: 
15:35:48.297 [graviteeio-node] [] INFO  i.g.p.c.internal.PluginRegistryImpl - 	> cache [1.9.0] has been loaded
15:35:48.297 [graviteeio-node] [] INFO  i.g.p.c.internal.PluginRegistryImpl - 	> oauth2-am-resource [2.0.0] has been loaded
15:35:48.297 [graviteeio-node] [] INFO  i.g.p.c.internal.PluginRegistryImpl - 	> oauth2 [2.0.0] has been loaded
15:35:48.297 [graviteeio-node] [] INFO  i.g.p.c.internal.PluginRegistryImpl - List of available reporter: 
15:35:48.297 [graviteeio-node] [] INFO  i.g.p.c.internal.PluginRegistryImpl - 	> file [2.5.5] has been loaded
15:35:48.297 [graviteeio-node] [] INFO  i.g.p.c.internal.PluginRegistryImpl - 	> reporter-tcp [1.4.4] has been loaded
15:35:48.297 [graviteeio-node] [] INFO  i.g.p.c.internal.PluginRegistryImpl - 	> elastic [4.0.2] has been loaded
15:35:48.297 [graviteeio-node] [] INFO  i.g.p.c.internal.PluginRegistryImpl - List of available service_discovery: 
15:35:48.297 [graviteeio-node] [] INFO  i.g.p.c.internal.PluginRegistryImpl - 	> consul-service-discovery [1.3.0] has been loaded
15:35:48.297 [graviteeio-node] [] INFO  i.g.p.c.internal.PluginEventListener - All plugins have been loaded. Installing...
15:35:48.370 [graviteeio-node] [] INFO  i.g.p.r.i.RepositoryPluginHandler - Register a new repository: repository-bridge-http-client [io.gravitee.repository.bridge.client.HttpBridgeRepositoryProvider]
15:35:48.381 [graviteeio-node] [] INFO  i.g.p.r.i.RepositoryPluginHandler - Register a new repository: repository-mongodb [io.gravitee.repository.mongodb.MongoRepositoryProvider]
15:35:48.383 [graviteeio-node] [] INFO  i.g.p.r.i.RepositoryPluginHandler - Repository [MANAGEMENT] loaded by mongodb
15:35:49.030 [vertx-blocked-thread-checker] [] WARN  i.v.core.impl.BlockedThreadChecker - Thread Thread[vert.x-eventloop-thread-4,5,main] has been blocked for 2590 ms, time limit is 2000 ms
15:35:49.031 [vertx-blocked-thread-checker] [] WARN  i.v.core.impl.BlockedThreadChecker - Thread Thread[vert.x-eventloop-thread-0,5,main] has been blocked for 2531 ms, time limit is 2000 ms
15:35:49.031 [vertx-blocked-thread-checker] [] WARN  i.v.core.impl.BlockedThreadChecker - Thread Thread[vert.x-eventloop-thread-3,5,main] has been blocked for 2600 ms, time limit is 2000 ms
15:35:49.031 [vertx-blocked-thread-checker] [] WARN  i.v.core.impl.BlockedThreadChecker - Thread Thread[vert.x-eventloop-thread-2,5,main] has been blocked for 2604 ms, time limit is 2000 ms
15:35:49.031 [vertx-blocked-thread-checker] [] WARN  i.v.core.impl.BlockedThreadChecker - Thread Thread[vert.x-eventloop-thread-7,5,main] has been blocked for 2552 ms, time limit is 2000 ms
15:35:49.031 [vertx-blocked-thread-checker] [] WARN  i.v.core.impl.BlockedThreadChecker - Thread Thread[vert.x-eventloop-thread-6,5,main] has been blocked for 2565 ms, time limit is 2000 ms
15:35:49.031 [vertx-blocked-thread-checker] [] WARN  i.v.core.impl.BlockedThreadChecker - Thread Thread[vert.x-eventloop-thread-5,5,main] has been blocked for 2580 ms, time limit is 2000 ms
15:35:49.031 [vertx-blocked-thread-checker] [] WARN  i.v.core.impl.BlockedThreadChecker - Thread Thread[vert.x-eventloop-thread-1,5,main] has been blocked for 2626 ms, time limit is 2000 ms
15:35:49.486 [vert.x-eventloop-thread-0] [] INFO  i.g.g.s.vertx.ReactorVerticle - HTTP listener ready to accept requests on port 8082
15:35:49.487 [vert.x-eventloop-thread-5] [] INFO  i.g.g.s.vertx.ReactorVerticle - HTTP listener ready to accept requests on port 8082
15:35:49.489 [vert.x-eventloop-thread-4] [] INFO  i.g.g.s.vertx.ReactorVerticle - HTTP listener ready to accept requests on port 8082
15:35:49.490 [vert.x-eventloop-thread-3] [] INFO  i.g.g.s.vertx.ReactorVerticle - HTTP listener ready to accept requests on port 8082
15:35:49.490 [vert.x-eventloop-thread-2] [] INFO  i.g.g.s.vertx.ReactorVerticle - HTTP listener ready to accept requests on port 8082
15:35:49.491 [vert.x-eventloop-thread-6] [] INFO  i.g.g.s.vertx.ReactorVerticle - HTTP listener ready to accept requests on port 8082
15:35:49.492 [vert.x-eventloop-thread-7] [] INFO  i.g.g.s.vertx.ReactorVerticle - HTTP listener ready to accept requests on port 8082
15:35:49.498 [vert.x-eventloop-thread-1] [] INFO  i.g.g.s.vertx.ReactorVerticle - HTTP listener ready to accept requests on port 8082
15:35:55.668 [graviteeio-node] [] WARN  o.s.data.convert.CustomConversions - Registering converter from class org.bson.BsonUndefined to class java.lang.Object as reading converter although it doesn't convert from a store-supported type; You might want to check your annotation setup at the converter implementation
15:35:59.949 [graviteeio-node] [] INFO  i.g.p.r.i.RepositoryPluginHandler - Repository [RATE_LIMIT] loaded by mongodb
15:36:00.786 [graviteeio-node] [] INFO  i.g.p.r.i.RepositoryPluginHandler - Register a new repository: repository-jdbc [io.gravitee.repository.jdbc.JdbcRepositoryProvider]
15:36:00.807 [graviteeio-node] [] INFO  i.g.p.a.internal.AlertPluginHandler - Install plugin: alert-engine-connector-ws [io.gravitee.ae.connector.ws.WsConnectorPlugin]
15:36:01.561 [graviteeio-node] [] INFO  i.g.p.p.internal.PolicyPluginHandler - Install plugin: policy-openid-userinfo [io.gravitee.policy.openid.userinfo.UserInfoPolicy]
15:36:01.579 [graviteeio-node] [] INFO  i.g.p.d.i.ServiceDiscoveryPluginHandler - Install plugin: consul-service-discovery [io.gravitee.discovery.consul.ConsulServiceDiscovery]
15:36:01.586 [graviteeio-node] [] INFO  i.g.p.p.internal.PolicyPluginHandler - Install plugin: groovy [io.gravitee.policy.groovy.GroovyPolicy]
15:36:01.606 [graviteeio-node] [] INFO  i.g.p.e.i.EntrypointConnectorPluginHandler - Install plugin: sse [io.gravitee.plugin.entrypoint.sse.SseEntrypointConnectorFactory]
15:36:01.640 [graviteeio-node] [] INFO  i.g.p.e.i.EndpointConnectorPluginHandler - Install plugin: mqtt5 [io.gravitee.plugin.endpoint.mqtt5.Mqtt5EndpointConnectorFactory]
15:36:01.670 [graviteeio-node] [] INFO  i.g.p.e.i.EntrypointConnectorPluginHandler - Install plugin: http-proxy [io.gravitee.plugin.entrypoint.http.proxy.HttpProxyEntrypointConnectorFactory]
15:36:01.691 [graviteeio-node] [] INFO  i.g.p.p.internal.PolicyPluginHandler - Install plugin: cache [io.gravitee.policy.cache.CachePolicy]
15:36:01.797 [graviteeio-node] [] INFO  i.g.p.p.internal.PolicyPluginHandler - Install plugin: traffic-shadowing [io.gravitee.policy.trafficshadowing.TrafficShadowingPolicy]
15:36:01.817 [graviteeio-node] [] INFO  i.g.p.p.internal.PolicyPluginHandler - Install plugin: rest-to-soap [io.gravitee.policy.rest2soap.RestToSoapTransformerPolicy]
15:36:01.838 [graviteeio-node] [] INFO  i.g.p.p.internal.PolicyPluginHandler - Install plugin: xml-validation [io.gravitee.policy.xmlvalidation.XmlValidationPolicy]
15:36:01.851 [graviteeio-node] [] INFO  i.g.n.p.s.h.ServicePluginHandler - Install plugin: service-endpoint-discovery [io.gravitee.gateway.services.endpoint.discovery.EndpointDiscoveryService]
15:36:01.978 [graviteeio-node] [] INFO  i.g.p.r.i.ResourcePluginHandler - Install plugin: oauth2-am-resource [io.gravitee.resource.oauth2.am.OAuth2AMResource]
15:36:02.005 [graviteeio-node] [] INFO  i.g.n.p.s.h.ServicePluginHandler - Install plugin: ratelimitasync [io.gravitee.gateway.services.ratelimit.AsyncRateLimitService]
15:36:02.025 [graviteeio-node] [] INFO  i.g.p.p.internal.PolicyPluginHandler - Install plugin: json-threat-protection [io.gravitee.policy.threatprotection.json.JsonThreatProtectionPolicy]
15:36:02.058 [graviteeio-node] [] INFO  i.g.p.p.internal.PolicyPluginHandler - Install plugin: message-filtering [io.gravitee.policy.messagefiltering.MessageFilteringPolicy]
15:36:02.085 [graviteeio-node] [] INFO  i.g.n.p.s.h.ServicePluginHandler - Install plugin: localregistry [io.gravitee.gateway.services.localregistry.LocalApiDefinitionRegistry]
15:36:02.112 [graviteeio-node] [] INFO  i.g.p.p.internal.PolicyPluginHandler - Install plugin: latency [io.gravitee.policy.latency.LatencyPolicy]
15:36:02.143 [graviteeio-node] [] INFO  i.g.n.p.s.h.ServicePluginHandler - Install plugin: sync [io.gravitee.gateway.services.sync.SyncService]
15:36:02.512 [graviteeio-node] [] INFO  i.g.p.e.i.EntrypointConnectorPluginHandler - Install plugin: webhook [io.gravitee.plugin.entrypoint.webhook.WebhookEntrypointConnectorFactory]
15:36:02.531 [graviteeio-node] [] INFO  i.g.p.p.internal.PolicyPluginHandler - Install plugin: regex-threat-protection [io.gravitee.policy.threatprotection.regex.RegexThreatProtectionPolicy]
15:36:02.546 [graviteeio-node] [] INFO  i.g.p.p.internal.PolicyPluginHandler - Install plugin: xml-threat-protection [io.gravitee.policy.threatprotection.xml.XmlThreatProtectionPolicy]
15:36:02.568 [graviteeio-node] [] INFO  i.g.p.p.internal.PolicyPluginHandler - Install plugin: retry [io.gravitee.policy.retry.RetryPolicy]
15:36:02.602 [graviteeio-node] [] INFO  i.g.p.e.i.EndpointConnectorPluginHandler - Install plugin: mock [io.gravitee.plugin.endpoint.mock.MockEndpointConnectorFactory]
15:36:02.621 [graviteeio-node] [] INFO  i.g.p.p.internal.PolicyPluginHandler - Install plugin: jws [io.gravitee.policy.jws.JWSPolicy]
15:36:02.634 [graviteeio-node] [] INFO  i.g.p.p.internal.PolicyPluginHandler - Install plugin: html-json [io.gravitee.policy.html2Json.HTMLToJSONTransformationPolicy]
15:36:02.646 [graviteeio-node] [] INFO  i.g.p.p.internal.PolicyPluginHandler - Install plugin: transform-queryparams [io.gravitee.policy.transformqueryparams.TransformQueryParametersPolicy]
15:36:02.658 [graviteeio-node] [] INFO  i.g.n.r.plugin.ReporterPluginHandler - Install plugin: elastic [io.gravitee.reporter.elasticsearch.ElasticsearchReporter]
15:36:03.513 [graviteeio-node] [] INFO  i.g.p.p.internal.PolicyPluginHandler - Install plugin: dynamic-routing [io.gravitee.policy.dynamicrouting.DynamicRoutingPolicy]
15:36:03.538 [graviteeio-node] [] INFO  i.g.p.e.i.EntrypointConnectorPluginHandler - Install plugin: http-post [io.gravitee.plugin.entrypoint.http.post.HttpPostEntrypointConnectorFactory]
15:36:03.590 [graviteeio-node] [] INFO  i.g.n.p.s.h.ServicePluginHandler - Install plugin: service-bridge-http-server [io.gravitee.repository.bridge.server.BridgeService]
15:36:03.709 [graviteeio-node] [] INFO  i.g.n.r.plugin.ReporterPluginHandler - Installation skipped for: file [io.gravitee.reporter.file.FileReporter]
15:36:03.709 [graviteeio-node] [] INFO  i.g.n.p.s.h.ServicePluginHandler - Install plugin: heartbeat [io.gravitee.gateway.services.heartbeat.HeartbeatService]
15:36:03.801 [graviteeio-node] [] INFO  i.g.p.e.i.EndpointConnectorPluginHandler - Install plugin: http-proxy [io.gravitee.plugin.endpoint.http.proxy.HttpProxyEndpointConnectorFactory]
15:36:03.810 [graviteeio-node] [] INFO  i.g.p.p.internal.PolicyPluginHandler - Install plugin: rbac [io.gravitee.policy.rbac.RoleBasedAccessControlPolicy]
15:36:03.819 [graviteeio-node] [] INFO  i.g.p.p.internal.PolicyPluginHandler - Install plugin: resource-filtering [io.gravitee.policy.resourcefiltering.ResourceFilteringPolicy]
15:36:03.832 [graviteeio-node] [] INFO  i.g.p.p.internal.PolicyPluginHandler - Install plugin: policy-override-request-method [io.gravitee.policy.overriderequestmethod.OverrideRequestMethodPolicy]
15:36:03.844 [graviteeio-node] [] INFO  i.g.p.p.internal.PolicyPluginHandler - Install plugin: mock [io.gravitee.policy.mock.MockPolicy]
15:36:03.878 [graviteeio-node] [] INFO  i.g.p.p.internal.PolicyPluginHandler - Install plugin: policy-request-validation [io.gravitee.policy.requestvalidation.RequestValidationPolicy]
15:36:03.896 [graviteeio-node] [] INFO  i.g.p.e.i.EndpointConnectorPluginHandler - Install plugin: kafka [io.gravitee.plugin.endpoint.kafka.KafkaEndpointConnectorFactory]
15:36:03.921 [graviteeio-node] [] INFO  i.g.n.p.s.h.ServicePluginHandler - Install plugin: healthcheck [io.gravitee.gateway.services.healthcheck.EndpointHealthcheckService]
15:36:03.994 [graviteeio-node] [] INFO  i.g.p.p.internal.PolicyPluginHandler - Install plugin: xml-json [io.gravitee.policy.xml2json.XmlToJsonTransformationPolicy]
15:36:04.016 [graviteeio-node] [] INFO  i.g.p.p.internal.PolicyPluginHandler - Install plugin: http-signature [io.gravitee.policy.httpsignature.HttpSignaturePolicy]
15:36:04.027 [graviteeio-node] [] INFO  i.g.p.p.internal.PolicyPluginHandler - Install plugin: json-to-json [io.gravitee.policy.json2json.JsonToJsonTransformationPolicy]
15:36:04.038 [graviteeio-node] [] INFO  i.g.n.p.s.h.ServicePluginHandler - Install plugin: gateway-debug [io.gravitee.gateway.debug.DebugService]
15:36:04.207 [graviteeio-node] [] INFO  i.g.c.event.impl.EventManagerImpl - Register new listener DebugOrganizationManager for event type class io.gravitee.gateway.platform.manager.OrganizationEvent
15:36:04.261 [graviteeio-node] [] INFO  i.g.c.event.impl.EventManagerImpl - Register new listener DebugReactorEventListener for event type class io.gravitee.gateway.reactor.ReactorEvent
15:36:04.343 [graviteeio-node] [] INFO  i.g.n.c.ReloadableKeyManager - Key store has been (re)loaded with 1 entries.
15:36:04.365 [graviteeio-node] [] INFO  i.g.p.p.internal.PolicyPluginHandler - Install plugin: ssl-enforcement [io.gravitee.policy.sslenforcement.SslEnforcementPolicy]
15:36:04.373 [graviteeio-node] [] INFO  i.g.p.p.internal.PolicyPluginHandler - Install plugin: api-key [io.gravitee.policy.apikey.ApiKeyPolicy]
15:36:04.384 [graviteeio-node] [] INFO  i.g.p.p.internal.PolicyPluginHandler - Install plugin: jwt [io.gravitee.policy.jwt.JWTPolicy]
15:36:04.399 [graviteeio-node] [] INFO  i.g.p.p.internal.PolicyPluginHandler - Install plugin: rate-limit [io.gravitee.policy.ratelimit.RateLimitPolicy]
15:36:04.408 [graviteeio-node] [] INFO  i.g.p.p.internal.PolicyPluginHandler - Install plugin: policy-generate-jwt [io.gravitee.policy.generatejwt.GenerateJwtPolicy]
15:36:04.418 [graviteeio-node] [] INFO  i.g.p.p.internal.PolicyPluginHandler - Install plugin: policy-assign-content [io.gravitee.policy.assigncontent.AssignContentPolicy]
15:36:04.437 [graviteeio-node] [] INFO  i.g.p.p.internal.PolicyPluginHandler - Install plugin: key-less [io.gravitee.policy.keyless.KeylessPolicy]
15:36:04.446 [graviteeio-node] [] INFO  i.g.p.p.i.PolicyConfigurationClassFinder - No policy configuration class defined for policy io.gravitee.policy.keyless.KeylessPolicy
15:36:04.453 [graviteeio-node] [] INFO  i.g.p.p.internal.PolicyPluginHandler - Install plugin: spike-arrest [io.gravitee.policy.spike.SpikeArrestPolicy]
15:36:04.470 [graviteeio-node] [] INFO  i.g.p.p.internal.PolicyPluginHandler - Install plugin: url-rewriting [io.gravitee.policy.urlrewriting.URLRewritingPolicy]
15:36:04.491 [graviteeio-node] [] INFO  i.g.p.p.internal.PolicyPluginHandler - Install plugin: policy-assign-attributes [io.gravitee.policy.assignattributes.AssignAttributesPolicy]
15:36:04.503 [graviteeio-node] [] INFO  i.g.p.e.i.EntrypointConnectorPluginHandler - Install plugin: http-get [io.gravitee.plugin.entrypoint.http.get.HttpGetEntrypointConnectorFactory]
15:36:04.516 [graviteeio-node] [] INFO  i.g.p.p.internal.PolicyPluginHandler - Install plugin: quota [io.gravitee.policy.quota.QuotaPolicy]
15:36:04.547 [graviteeio-node] [] INFO  i.g.p.r.i.ResourcePluginHandler - Install plugin: oauth2 [io.gravitee.resource.oauth2.generic.OAuth2GenericResource]
15:36:04.558 [graviteeio-node] [] INFO  i.g.p.p.internal.PolicyPluginHandler - Install plugin: ip-filtering [io.gravitee.policy.ipfiltering.IPFilteringPolicy]
15:36:04.575 [graviteeio-node] [] INFO  i.g.p.c.i.ConnectorPluginHandler - Install plugin: connector-http [io.gravitee.connector.http.HttpConnectorFactory]
15:36:04.589 [graviteeio-node] [] INFO  i.g.p.c.i.ConnectorConfigurationClassFinder - No connector configuration class defined for connector io.gravitee.connector.http.HttpConnectorFactory
15:36:04.595 [graviteeio-node] [] INFO  i.g.p.p.internal.PolicyPluginHandler - Install plugin: metrics-reporter [io.gravitee.policy.metricsreporter.MetricsReporterPolicy]
15:36:04.619 [graviteeio-node] [] INFO  i.g.p.p.internal.PolicyPluginHandler - Install plugin: json-validation [io.gravitee.policy.jsonvalidation.JsonValidationPolicy]
15:36:04.633 [graviteeio-node] [] INFO  i.g.p.e.i.EntrypointConnectorPluginHandler - Install plugin: websocket [io.gravitee.plugin.entrypoint.websocket.WebSocketEntrypointConnectorFactory]
15:36:04.651 [graviteeio-node] [] INFO  i.g.p.p.internal.PolicyPluginHandler - Install plugin: json-xml [io.gravitee.policy.json2xml.JsonToXmlTransformationPolicy]
15:36:04.680 [graviteeio-node] [] INFO  i.g.p.p.internal.PolicyPluginHandler - Install plugin: transform-headers [io.gravitee.policy.transformheaders.TransformHeadersPolicy]
15:36:04.689 [graviteeio-node] [] INFO  i.g.p.r.i.ResourcePluginHandler - Install plugin: cache [io.gravitee.resource.cache.InMemoryCacheResource]
15:36:04.700 [graviteeio-node] [] INFO  i.g.p.p.internal.PolicyPluginHandler - Install plugin: xslt [io.gravitee.policy.xslt.XSLTTransformationPolicy]
15:36:04.709 [graviteeio-node] [] INFO  i.g.p.p.internal.PolicyPluginHandler - Install plugin: generate-http-signature [io.gravitee.policy.generatehttpsignature.GenerateHttpSignaturePolicy]
15:36:04.717 [graviteeio-node] [] INFO  i.g.p.p.internal.PolicyPluginHandler - Install plugin: request-content-limit [io.gravitee.policy.rcl.RequestContentLimitPolicy]
15:36:04.724 [graviteeio-node] [] INFO  i.g.p.p.internal.PolicyPluginHandler - Install plugin: oauth2 [io.gravitee.policy.oauth2.Oauth2Policy]
15:36:04.740 [graviteeio-node] [] INFO  i.g.n.r.plugin.ReporterPluginHandler - Install plugin: reporter-tcp [io.gravitee.reporter.tcp.TcpReporter]
15:36:05.022 [graviteeio-node] [] INFO  i.g.p.p.internal.PolicyPluginHandler - Install plugin: policy-http-callout [io.gravitee.policy.callout.CalloutHttpPolicy]
15:36:05.035 [graviteeio-node] [] INFO  i.g.p.c.internal.PluginRegistryImpl - Plugins have been loaded and installed.
15:36:05.035 [graviteeio-node] [] INFO  i.g.g.standalone.node.GatewayNode - 	Starting component: ServiceManager
15:36:05.036 [graviteeio-node] [] INFO  i.g.common.service.AbstractService - Initializing service Plugins - Services Manager
15:36:05.046 [graviteeio-node] [] INFO  i.g.common.service.AbstractService - Initializing service Endpoints Discovery
15:36:05.050 [vert.x-eventloop-thread-2] [] INFO  i.g.c.event.impl.EventManagerImpl - Register new listener EndpointHealthcheckVerticle for event type class io.gravitee.gateway.reactor.ReactorEvent
15:36:05.055 [graviteeio-node] [] INFO  i.g.common.service.AbstractService - Initializing service Health-check service
15:36:05.055 [graviteeio-node] [] INFO  i.g.common.service.AbstractService - Initializing service Asynchronous Rate Limit proxy
15:36:05.062 [vert.x-eventloop-thread-3] [] INFO  i.g.c.event.impl.EventManagerImpl - Register new listener EndpointDiscoveryVerticle for event type class io.gravitee.gateway.reactor.ReactorEvent
15:36:05.077 [graviteeio-node] [] INFO  i.g.g.s.r.AsyncRateLimitService - Register the rate-limit service bridge for synchronous and asynchronous mode
15:36:05.080 [graviteeio-node] [] INFO  i.g.common.service.AbstractService - Initializing service Gateway Sync Service
15:36:05.080 [graviteeio-node] [] INFO  i.g.g.services.sync.SyncService - Sync service has been initialized with delay [5000MILLISECONDS]
15:36:05.080 [graviteeio-node] [] INFO  i.g.g.services.sync.SyncService - Associate a new HTTP handler on /sync
15:36:05.091 [graviteeio-node] [] INFO  i.g.common.service.AbstractService - Initializing service API keys cache
15:36:05.092 [graviteeio-node] [] INFO  i.g.g.s.s.cache.ApiKeysCacheService - Associate a new HTTP handler on /apikeys
15:36:05.093 [graviteeio-node] [] INFO  i.g.common.service.AbstractService - Initializing service Subscriptions cache repository
15:36:05.093 [graviteeio-node] [] INFO  i.g.g.s.s.c.SubscriptionsCacheService - Associate a new HTTP handler on /subscriptions
15:36:05.097 [graviteeio-node] [] INFO  i.g.common.service.AbstractService - Initializing service io.gravitee.gateway.services.sync.SyncManager
15:36:05.097 [graviteeio-node] [] INFO  i.g.common.service.AbstractService - Initializing service io.gravitee.gateway.services.sync.synchronizer.ApiSynchronizer
15:36:05.097 [graviteeio-node] [] INFO  i.g.common.service.AbstractService - Initializing service io.gravitee.gateway.services.sync.synchronizer.DictionarySynchronizer
15:36:05.097 [graviteeio-node] [] INFO  i.g.common.service.AbstractService - Initializing service io.gravitee.gateway.services.sync.synchronizer.OrganizationSynchronizer
15:36:05.097 [graviteeio-node] [] INFO  i.g.common.service.AbstractService - Initializing service io.gravitee.gateway.services.sync.synchronizer.DebugApiSynchronizer
15:36:05.819 [graviteeio-node] [] INFO  i.g.g.s.s.s.OrganizationSynchronizer - 0 organization(s) synchronized in 283ms.
15:36:05.837 [graviteeio-node] [] INFO  i.g.g.s.s.s.ApiSynchronizer - 0 apis synchronized in 18ms
15:36:05.852 [graviteeio-node] [] INFO  i.g.g.s.s.s.DictionarySynchronizer - 0 dictionary(ies) synchronized in 15ms.
15:36:05.873 [graviteeio-node] [] INFO  i.g.c.event.impl.EventManagerImpl - Register new listener ApiKeysCacheService for event type class io.gravitee.gateway.reactor.ReactorEvent
15:36:05.878 [graviteeio-node] [] INFO  i.g.c.event.impl.EventManagerImpl - Register new listener SubscriptionsCacheService for event type class io.gravitee.gateway.reactor.ReactorEvent
15:36:06.158 [graviteeio-node] [] INFO  i.g.g.s.h.i.s.StandaloneHeartbeatStrategy - Start gateway heartbeat service
15:36:06.159 [graviteeio-node] [] INFO  i.g.g.s.h.i.s.StandaloneHeartbeatStrategy - Gateway heartbeat service scheduled with fixed delay 5000 MILLISECONDS
15:36:06.163 [graviteeio-node] [] INFO  i.g.g.s.h.i.s.StandaloneHeartbeatStrategy - Start gateway heartbeat service: DONE
15:36:06.163 [graviteeio-node] [] INFO  i.g.common.service.AbstractService - Initializing service Gateway - Debug service
15:36:06.163 [graviteeio-node] [] INFO  i.g.gateway.debug.DebugService - Starting component: VertxDebugService
15:36:06.165 [graviteeio-node] [] INFO  i.g.g.debug.vertx.VertxDebugService - Starting Vertx DEBUG container and deploy only 1 Verticle
15:36:06.168 [graviteeio-node] [] INFO  i.g.gateway.debug.DebugService - Starting component: DebugReactorEventListener
15:36:06.168 [graviteeio-node] [] INFO  i.g.common.service.AbstractService - Initializing service io.gravitee.gateway.jupiter.debug.DebugReactorEventListener
15:36:06.168 [graviteeio-node] [] INFO  i.g.c.event.impl.EventManagerImpl - Register new listener DebugReactorEventListener for event type class io.gravitee.gateway.reactor.ReactorEvent
15:36:06.168 [graviteeio-node] [] INFO  i.g.g.standalone.node.GatewayNode - 	Starting component: ManagementService
15:36:06.169 [graviteeio-node] [] INFO  i.g.common.service.AbstractService - Initializing service Node Management API service
15:36:06.185 [graviteeio-node] [] INFO  i.g.g.standalone.node.GatewayNode - 	Starting component: NodeMonitoringEventHandler
15:36:06.186 [graviteeio-node] [] INFO  i.g.common.service.AbstractService - Initializing service io.gravitee.node.monitoring.handler.NodeMonitoringEventHandler
15:36:06.188 [graviteeio-node] [] INFO  i.g.g.standalone.node.GatewayNode - 	Starting component: NodeInfosService
15:36:06.188 [graviteeio-node] [] INFO  i.g.n.m.infos.NodeInfosService - Starting node infos service
15:36:06.188 [graviteeio-node] [] INFO  i.g.common.service.AbstractService - Initializing service Node Infos Service
15:36:06.188 [vert.x-eventloop-thread-6] [] INFO  i.g.n.m.h.v.v.ManagementVerticle - Start HTTP listener for Node Management API
15:36:06.223 [graviteeio-node] [] INFO  i.g.n.m.infos.NodeInfosService - Start node infos service: DONE
15:36:06.223 [graviteeio-node] [] INFO  i.g.g.standalone.node.GatewayNode - 	Starting component: NodeHealthCheckService
15:36:06.224 [graviteeio-node] [] INFO  i.g.common.service.AbstractService - Initializing service Node Health-check service
15:36:06.299 [graviteeio-node] [] INFO  i.g.n.m.h.v.e.ManagementEndpointManagerImpl - Register a new endpoint for Management API: GET /health [io.gravitee.node.monitoring.healthcheck.NodeHealthCheckManagementEndpoint]
15:36:06.303 [graviteeio-node] [] INFO  i.g.g.standalone.node.GatewayNode - 	Starting component: NodeMonitorService
15:36:06.314 [graviteeio-node] [] INFO  i.g.common.service.AbstractService - Initializing service Node Monitor Service
15:36:06.350 [graviteeio-node] [] INFO  i.g.n.m.monitor.NodeMonitorService - Node monitoring scheduled with fixed delay 5000 MILLISECONDS 
15:36:06.353 [graviteeio-node] [] INFO  i.g.n.m.h.v.e.ManagementEndpointManagerImpl - Register a new endpoint for Management API: GET /monitor [io.gravitee.node.monitoring.monitor.NodeMonitorManagementEndpoint]
15:36:06.353 [graviteeio-node] [] INFO  i.g.g.standalone.node.GatewayNode - 	Starting component: ReporterManager
15:36:06.354 [graviteeio-node] [] INFO  i.g.common.service.AbstractService - Initializing service Reporter service
15:36:06.356 [graviteeio-node] [] INFO  i.g.g.standalone.node.GatewayNode - 	Starting component: KeyStoreLoaderManager
15:36:06.356 [graviteeio-node] [] INFO  i.g.common.service.AbstractService - Initializing service io.gravitee.node.certificates.KeyStoreLoaderManager
15:36:06.356 [graviteeio-node] [] INFO  i.g.g.standalone.node.GatewayNode - 	Starting component: AlertEventProducerManager
15:36:06.358 [graviteeio-node] [] INFO  i.g.common.service.AbstractService - Initializing service Alert Engine - Event producer
15:36:06.382 [graviteeio-node] [] INFO  i.g.ae.connector.ws.WsEventProducer - AlertEngine connector is enabled. Starting connector.
15:36:06.389 [vert.x-eventloop-thread-0] [] INFO  i.g.n.r.vertx.ReporterManagerImpl - Starting reporter: io.gravitee.node.reporter.vertx.eventbus.EventBusReporterWrapper@4949f40f
15:36:06.419 [vert.x-eventloop-thread-0] [] INFO  i.g.n.r.vertx.ReporterManagerImpl - Starting reporter: io.gravitee.node.reporter.vertx.eventbus.EventBusReporterWrapper@7e69b0bc
15:36:06.446 [vert.x-worker-thread-0] [] INFO  i.g.common.service.AbstractService - Initializing service io.gravitee.reporter.elasticsearch.ElasticsearchReporter
15:36:06.446 [vert.x-worker-thread-0] [] INFO  i.g.r.e.ElasticsearchReporter - Starting Elastic reporter engine...
15:36:06.458 [graviteeio-node] [] INFO  i.g.ae.connector.ws.HttpConnector - AlertEngine connector is disabled.
15:36:06.635 [graviteeio-node] [] INFO  i.g.g.standalone.node.GatewayNode - Gravitee.io - API Gateway id[fe1a7d15-6aae-48f1-9a7d-156aaed8f1ca] version[3.20.13] pid[1] build[383732#8db1c24a3a] jvm[Eclipse Adoptium/OpenJDK 64-Bit Server VM/17.0.5+8] started in 20587 ms.
15:36:06.729 [RxComputationThreadPool-4] [] WARN  i.g.ae.connector.ws.WsEventProducer - An error occurred trying to send events: The connector is not yet ready
15:36:06.877 [vert.x-eventloop-thread-6] [] INFO  i.g.n.m.h.v.e.ManagementEndpointManagerImpl - Register a new endpoint for Management API: GET / [io.gravitee.node.management.http.node.NodeEndpoint]
15:36:06.877 [vert.x-eventloop-thread-6] [] INFO  i.g.n.m.h.v.e.ManagementEndpointManagerImpl - Register a new endpoint for Management API: GET /configuration [io.gravitee.node.management.http.configuration.ConfigurationEndpoint]
15:36:06.880 [vert.x-eventloop-thread-6] [] INFO  i.g.n.m.h.v.v.ManagementVerticle - HTTP listener for Node Management bind to port TCP:18082
15:36:06.883 [vert.x-eventloop-thread-5] [] INFO  i.g.g.d.vertx.DebugReactorVerticle - Debug HTTP listener ready to accept requests on port 8482
15:36:09.666 [vert.x-eventloop-thread-0] [] INFO  i.g.r.e.ElasticsearchReporter - Starting Elastic reporter engine... DONE
15:36:09.666 [vert.x-eventloop-thread-0] [] INFO  i.g.r.e.ElasticsearchReporter - Index mapping template successfully defined
15:37:51.930 [graviteeio-finalizer] [] INFO  i.g.g.standalone.GatewayContainer - Preparing Gravitee.io - API Gateway for shutting-down...
15:37:51.932 [graviteeio-finalizer] [] INFO  i.g.g.standalone.node.GatewayNode - Applying graceful shutdown delay 0 MILLISECONDS
15:37:51.932 [graviteeio-finalizer] [] INFO  i.g.g.standalone.node.GatewayNode - Graceful shutdown delay exhausted
15:37:51.932 [graviteeio-finalizer] [] INFO  i.g.g.standalone.GatewayContainer - Shutting-down Gravitee.io - API Gateway...
15:37:51.932 [graviteeio-finalizer] [] INFO  i.g.g.standalone.node.GatewayNode - Gravitee.io - API Gateway is stopping
15:37:51.939 [graviteeio-finalizer] [] INFO  i.g.g.standalone.node.GatewayNode - 	Stopping component: AlertEventProducerManager
15:37:51.939 [graviteeio-finalizer] [] INFO  i.g.common.service.AbstractService - Destroying service Alert Engine - Event producer
15:37:52.040 [graviteeio-finalizer] [] INFO  i.g.g.standalone.node.GatewayNode - 	Stopping component: KeyStoreLoaderManager
15:37:52.040 [graviteeio-finalizer] [] INFO  i.g.common.service.AbstractService - Destroying service io.gravitee.node.certificates.KeyStoreLoaderManager
15:37:52.040 [graviteeio-finalizer] [] INFO  i.g.g.standalone.node.GatewayNode - 	Stopping component: ReporterManager
15:37:52.040 [graviteeio-finalizer] [] INFO  i.g.common.service.AbstractService - Destroying service Reporter service
15:37:52.042 [graviteeio-finalizer] [] INFO  i.g.g.standalone.node.GatewayNode - 	Stopping component: NodeMonitorService
15:37:52.042 [graviteeio-finalizer] [] INFO  i.g.n.m.monitor.NodeMonitorService - Stop node monitor
15:37:52.042 [graviteeio-finalizer] [] INFO  i.g.common.service.AbstractService - Destroying service Node Monitor Service
15:37:52.042 [graviteeio-finalizer] [] INFO  i.g.n.m.monitor.NodeMonitorService - Stop node monitor : DONE
15:37:52.042 [graviteeio-finalizer] [] INFO  i.g.g.standalone.node.GatewayNode - 	Stopping component: NodeHealthCheckService
15:37:52.042 [graviteeio-finalizer] [] INFO  i.g.common.service.AbstractService - Destroying service Node Health-check service
15:37:52.042 [graviteeio-finalizer] [] INFO  i.g.g.standalone.node.GatewayNode - 	Stopping component: NodeInfosService
15:37:52.042 [graviteeio-finalizer] [] INFO  i.g.n.m.infos.NodeInfosService - Stopping node infos service
15:37:52.042 [graviteeio-finalizer] [] INFO  i.g.common.service.AbstractService - Destroying service Node Infos Service
15:37:52.042 [graviteeio-finalizer] [] INFO  i.g.n.m.infos.NodeInfosService - Stop node infos service : DONE
15:37:52.043 [graviteeio-finalizer] [] INFO  i.g.g.standalone.node.GatewayNode - 	Stopping component: NodeMonitoringEventHandler
15:37:52.043 [graviteeio-finalizer] [] INFO  i.g.common.service.AbstractService - Destroying service io.gravitee.node.monitoring.handler.NodeMonitoringEventHandler
15:37:52.043 [graviteeio-finalizer] [] INFO  i.g.g.standalone.node.GatewayNode - 	Stopping component: ManagementService
15:37:52.043 [graviteeio-finalizer] [] INFO  i.g.common.service.AbstractService - Destroying service Node Management API service
15:37:52.043 [graviteeio-finalizer] [] INFO  i.g.g.standalone.node.GatewayNode - 	Stopping component: ServiceManager
15:37:52.043 [graviteeio-finalizer] [] INFO  i.g.common.service.AbstractService - Destroying service Plugins - Services Manager
15:37:52.055 [vert.x-eventloop-thread-6] [] INFO  i.g.n.m.h.v.v.ManagementVerticle - Stopping Management API...
15:37:52.060 [vert.x-eventloop-thread-6] [] INFO  i.g.n.m.h.v.v.ManagementVerticle - HTTP Server has been correctly stopped
15:37:52.060 [vert.x-eventloop-thread-2] [] INFO  i.g.n.r.vertx.ReporterManagerImpl - Stopping reporter: io.gravitee.node.reporter.vertx.eventbus.EventBusReporterWrapper@4949f40f
15:37:52.060 [vert.x-eventloop-thread-2] [] INFO  i.g.common.service.AbstractService - Destroying service io.gravitee.reporter.elasticsearch.ElasticsearchReporter
15:37:52.060 [vert.x-eventloop-thread-2] [] INFO  i.g.r.e.ElasticsearchReporter - Stopping Elastic reporter engine... DONE
15:37:52.060 [vert.x-eventloop-thread-2] [] INFO  i.g.n.r.vertx.ReporterManagerImpl - Stopping reporter: io.gravitee.node.reporter.vertx.eventbus.EventBusReporterWrapper@7e69b0bc
15:37:52.081 [graviteeio-finalizer] [] INFO  i.g.common.service.AbstractService - Destroying service Asynchronous Rate Limit proxy
15:37:52.081 [graviteeio-finalizer] [] INFO  i.g.common.service.AbstractService - Destroying service io.gravitee.gateway.services.sync.synchronizer.ApiSynchronizer
15:37:52.081 [graviteeio-finalizer] [] INFO  i.g.common.service.AbstractService - Destroying service io.gravitee.gateway.services.sync.synchronizer.DictionarySynchronizer
15:37:52.081 [graviteeio-finalizer] [] INFO  i.g.common.service.AbstractService - Destroying service io.gravitee.gateway.services.sync.synchronizer.OrganizationSynchronizer
15:37:52.081 [graviteeio-finalizer] [] INFO  i.g.common.service.AbstractService - Destroying service io.gravitee.gateway.services.sync.synchronizer.DebugApiSynchronizer
15:37:52.082 [graviteeio-finalizer] [] INFO  i.g.common.service.AbstractService - Destroying service io.gravitee.gateway.services.sync.SyncManager
15:37:52.082 [graviteeio-finalizer] [] INFO  i.g.common.service.AbstractService - Destroying service API keys cache
15:37:52.082 [graviteeio-finalizer] [] INFO  i.g.common.service.AbstractService - Destroying service Subscriptions cache repository
15:37:52.082 [graviteeio-finalizer] [] INFO  i.g.common.service.AbstractService - Destroying service Gateway Sync Service
15:37:52.082 [graviteeio-finalizer] [] INFO  i.g.common.service.AbstractService - Destroying service Gateway - Repository Bridge HTTP Server
15:37:52.087 [graviteeio-finalizer] [] INFO  i.g.g.s.h.i.s.StandaloneHeartbeatStrategy - Stop gateway heartbeat service
15:37:52.087 [graviteeio-finalizer] [] INFO  i.g.g.s.h.i.s.StandaloneHeartbeatStrategy - Stop gateway heartbeat service: DONE
15:37:52.087 [graviteeio-finalizer] [] INFO  i.g.common.service.AbstractService - Destroying service Gateway - Debug service
15:37:52.087 [graviteeio-finalizer] [] INFO  i.g.gateway.debug.DebugService - Gateway - Debug service is stopping
15:37:52.088 [graviteeio-finalizer] [] INFO  i.g.gateway.debug.DebugService - Stopping component: DebugReactorEventListener
15:37:52.088 [graviteeio-finalizer] [] INFO  i.g.common.service.AbstractService - Destroying service io.gravitee.gateway.jupiter.debug.DebugReactorEventListener
15:37:52.088 [graviteeio-finalizer] [] INFO  i.g.gateway.debug.DebugService - Gateway - Debug service stopped
15:37:52.088 [graviteeio-finalizer] [] INFO  i.g.common.service.AbstractService - Destroying service Endpoints Discovery
15:37:52.088 [graviteeio-finalizer] [] INFO  i.g.common.service.AbstractService - Destroying service Health-check service
15:37:52.088 [graviteeio-finalizer] [] INFO  i.g.g.standalone.node.GatewayNode - 	Stopping component: PluginRegistry
15:37:52.088 [graviteeio-finalizer] [] INFO  i.g.common.service.AbstractService - Destroying service io.gravitee.plugin.core.internal.PluginRegistryImpl
15:37:52.088 [graviteeio-finalizer] [] INFO  i.g.g.standalone.node.GatewayNode - 	Stopping component: PluginEventListener
15:37:52.088 [graviteeio-finalizer] [] INFO  i.g.common.service.AbstractService - Destroying service io.gravitee.plugin.core.internal.PluginEventListener
15:37:52.088 [graviteeio-finalizer] [] INFO  i.g.g.standalone.node.GatewayNode - 	Stopping component: LicenseService
15:37:52.088 [graviteeio-finalizer] [] INFO  i.g.common.service.AbstractService - Destroying service License service
15:37:52.088 [graviteeio-finalizer] [] INFO  i.g.g.standalone.node.GatewayNode - 	Stopping component: ClusterService
15:37:52.088 [graviteeio-finalizer] [] INFO  i.g.g.standalone.node.GatewayNode - 	Stopping component: SubscriptionDispatcher
15:37:52.088 [graviteeio-finalizer] [] INFO  i.g.g.standalone.node.GatewayNode - 	Stopping component: VertxEmbeddedContainer
15:37:52.090 [vert.x-eventloop-thread-2] [] INFO  i.g.r.bridge.server.BridgeService - HTTP server for bridge has been stopped
15:37:52.091 [graviteeio-finalizer] [] INFO  i.g.g.standalone.node.GatewayNode - 	Stopping component: ReactorEventListener
15:37:52.091 [graviteeio-finalizer] [] INFO  i.g.common.service.AbstractService - Destroying service io.gravitee.gateway.reactor.handler.ReactorEventListener
15:37:52.091 [graviteeio-finalizer] [] INFO  i.g.g.standalone.node.GatewayNode - 	Stopping component: NodeMonitoringReporterService
15:37:52.091 [graviteeio-finalizer] [] INFO  i.g.common.service.AbstractService - Destroying service Node Monitoring service
15:37:52.091 [graviteeio-finalizer] [] INFO  i.g.g.standalone.node.GatewayNode - Gravitee.io - API Gateway stopped
15:37:52.097 [vert.x-eventloop-thread-5] [] INFO  i.g.g.s.vertx.ReactorVerticle - Stopping HTTP Server...
15:37:52.097 [vert.x-eventloop-thread-2] [] INFO  i.g.g.s.vertx.ReactorVerticle - Stopping HTTP Server...
15:37:52.098 [vert.x-eventloop-thread-2] [] INFO  i.g.g.s.vertx.ReactorVerticle - HTTP Server has been correctly stopped
15:37:52.098 [vert.x-eventloop-thread-5] [] INFO  i.g.g.s.vertx.ReactorVerticle - HTTP Server has been correctly stopped
15:37:52.098 [vert.x-eventloop-thread-4] [] INFO  i.g.g.s.vertx.ReactorVerticle - Stopping HTTP Server...
15:37:52.098 [vert.x-eventloop-thread-3] [] INFO  i.g.g.s.vertx.ReactorVerticle - Stopping HTTP Server...
15:37:52.098 [vert.x-eventloop-thread-7] [] INFO  i.g.g.s.vertx.ReactorVerticle - Stopping HTTP Server...
15:37:52.098 [vert.x-eventloop-thread-4] [] INFO  i.g.g.s.vertx.ReactorVerticle - HTTP Server has been correctly stopped
15:37:52.098 [vert.x-eventloop-thread-1] [] INFO  i.g.g.s.vertx.ReactorVerticle - Stopping HTTP Server...
15:37:52.098 [vert.x-eventloop-thread-7] [] INFO  i.g.g.s.vertx.ReactorVerticle - HTTP Server has been correctly stopped
15:37:52.098 [vert.x-eventloop-thread-1] [] INFO  i.g.g.s.vertx.ReactorVerticle - HTTP Server has been correctly stopped
15:37:52.098 [vert.x-eventloop-thread-3] [] INFO  i.g.g.s.vertx.ReactorVerticle - HTTP Server has been correctly stopped
15:37:52.098 [vert.x-eventloop-thread-6] [] INFO  i.g.g.s.vertx.ReactorVerticle - Stopping HTTP Server...
15:37:52.098 [vert.x-eventloop-thread-6] [] INFO  i.g.g.s.vertx.ReactorVerticle - HTTP Server has been correctly stopped
15:37:52.098 [vert.x-eventloop-thread-0] [] INFO  i.g.g.s.vertx.ReactorVerticle - Stopping HTTP Server...
15:37:52.099 [vert.x-eventloop-thread-0] [] INFO  i.g.g.s.vertx.ReactorVerticle - HTTP Server has been correctly stopped
15:38:43.103 [graviteeio-node] [] INFO  i.g.n.c.s.e.PropertiesConfiguration - Loading Gravitee configuration.
15:38:43.128 [graviteeio-node] [] INFO  i.g.n.c.s.e.PropertiesConfiguration - 	Gravitee configuration loaded from /opt/graviteeio-gateway/config/gravitee.yml
15:38:43.531 [graviteeio-node] [] INFO  i.g.n.c.s.e.PropertiesConfiguration - Loading Gravitee configuration. DONE
15:38:43.642 [graviteeio-node] [] INFO  i.g.p.c.s.PluginHandlerBeanFactoryPostProcessor - Loading plugin handlers
15:38:43.678 [graviteeio-node] [] INFO  i.g.p.c.s.PluginHandlerBeanFactoryPostProcessor - Find 11 plugin handler(s):
15:38:43.682 [graviteeio-node] [] INFO  i.g.p.c.s.PluginHandlerBeanFactoryPostProcessor - 	io.gravitee.plugin.entrypoint.internal.EntrypointConnectorPluginHandler
15:38:43.683 [graviteeio-node] [] INFO  i.g.p.c.s.PluginHandlerBeanFactoryPostProcessor - 	io.gravitee.plugin.discovery.internal.ServiceDiscoveryPluginHandler
15:38:43.685 [graviteeio-node] [] INFO  i.g.p.c.s.PluginHandlerBeanFactoryPostProcessor - 	io.gravitee.plugin.connector.internal.ConnectorPluginHandler
15:38:43.686 [graviteeio-node] [] INFO  i.g.p.c.s.PluginHandlerBeanFactoryPostProcessor - 	io.gravitee.plugin.policy.internal.PolicyPluginHandler
15:38:43.688 [graviteeio-node] [] INFO  i.g.p.c.s.PluginHandlerBeanFactoryPostProcessor - 	io.gravitee.node.plugins.service.handler.ServicePluginHandler
15:38:43.689 [graviteeio-node] [] INFO  i.g.p.c.s.PluginHandlerBeanFactoryPostProcessor - 	io.gravitee.node.tracing.plugin.TracingPluginHandler
15:38:43.692 [graviteeio-node] [] INFO  i.g.p.c.s.PluginHandlerBeanFactoryPostProcessor - 	io.gravitee.plugin.endpoint.internal.EndpointConnectorPluginHandler
15:38:43.700 [graviteeio-node] [] INFO  i.g.p.c.s.PluginHandlerBeanFactoryPostProcessor - 	io.gravitee.plugin.repository.internal.RepositoryPluginHandler
15:38:43.701 [graviteeio-node] [] INFO  i.g.p.c.s.PluginHandlerBeanFactoryPostProcessor - 	io.gravitee.node.reporter.plugin.ReporterPluginHandler
15:38:43.703 [graviteeio-node] [] INFO  i.g.p.c.s.PluginHandlerBeanFactoryPostProcessor - 	io.gravitee.plugin.alert.internal.AlertPluginHandler
15:38:43.705 [graviteeio-node] [] INFO  i.g.p.c.s.PluginHandlerBeanFactoryPostProcessor - 	io.gravitee.plugin.resource.internal.ResourcePluginHandler
15:38:45.397 [graviteeio-node] [] INFO  i.g.node.tracing.TracingService - Tracing support is enabled with tracer: name[jaeger]
15:38:45.461 [graviteeio-node] [] INFO  i.g.p.r.i.RepositoryPluginHandler - Loading repository for scope MANAGEMENT: mongodb
15:38:45.461 [graviteeio-node] [] INFO  i.g.p.r.i.RepositoryPluginHandler - Loading repository for scope RATE_LIMIT: mongodb
15:38:47.387 [graviteeio-node] [] WARN  i.g.gateway.env.TimeoutConfiguration - A proper timeout (greater than 0) should be set in order to avoid unclose connection, suggested value is 30_000 ms
15:38:48.067 [graviteeio-node] [] INFO  i.g.c.event.impl.EventManagerImpl - Register new listener ReactorEventListener for event type class io.gravitee.gateway.reactor.ReactorEvent
15:38:49.828 [graviteeio-node] [] INFO  i.g.n.c.ReloadableKeyManager - Key store has been (re)loaded with 1 entries.
15:38:49.967 [graviteeio-node] [] WARN  i.gravitee.common.util.DataEncryptor - 
15:38:49.967 [graviteeio-node] [] WARN  i.gravitee.common.util.DataEncryptor - ##############################################################
15:38:49.967 [graviteeio-node] [] WARN  i.gravitee.common.util.DataEncryptor - #                      SECURITY WARNING                      #
15:38:49.967 [graviteeio-node] [] WARN  i.gravitee.common.util.DataEncryptor - ##############################################################
15:38:49.967 [graviteeio-node] [] WARN  i.gravitee.common.util.DataEncryptor - 
15:38:49.967 [graviteeio-node] [] WARN  i.gravitee.common.util.DataEncryptor - You still use the default secret.
15:38:49.967 [graviteeio-node] [] WARN  i.gravitee.common.util.DataEncryptor - This known secret can be used to access protected information.
15:38:49.967 [graviteeio-node] [] WARN  i.gravitee.common.util.DataEncryptor - Please customize the 'api.properties.encryption.secret' parameter value, or ask your administrator to do it.
15:38:49.967 [graviteeio-node] [] WARN  i.gravitee.common.util.DataEncryptor - 
15:38:49.967 [graviteeio-node] [] WARN  i.gravitee.common.util.DataEncryptor - ##############################################################
15:38:49.967 [graviteeio-node] [] WARN  i.gravitee.common.util.DataEncryptor - 
15:38:50.001 [graviteeio-node] [] INFO  i.g.n.m.h.v.e.ManagementEndpointManagerImpl - Register a new endpoint for Management API: GET /apis [io.gravitee.gateway.handlers.api.manager.endpoint.ApisManagementEndpoint]
15:38:50.085 [graviteeio-node] [] INFO  i.g.n.m.h.v.e.ManagementEndpointManagerImpl - Register a new endpoint for Management API: GET /apis/:apiId [io.gravitee.gateway.handlers.api.manager.endpoint.ApiManagementEndpoint]
15:38:50.769 [graviteeio-node] [] INFO  i.g.node.container.AbstractContainer - Starting Gravitee.io - API Gateway...
15:38:50.771 [graviteeio-node] [] INFO  i.g.g.standalone.node.GatewayNode - Gravitee.io - API Gateway is now starting...
15:38:50.789 [graviteeio-node] [] INFO  i.g.g.standalone.node.GatewayNode - 	Starting component: NodeMonitoringReporterService
15:38:50.876 [graviteeio-node] [] INFO  i.g.g.standalone.node.GatewayNode - 	Starting component: ReactorEventListener
15:38:50.876 [graviteeio-node] [] INFO  i.g.common.service.AbstractService - Initializing service io.gravitee.gateway.reactor.handler.ReactorEventListener
15:38:50.876 [graviteeio-node] [] INFO  i.g.g.standalone.node.GatewayNode - 	Starting component: VertxEmbeddedContainer
15:38:50.876 [graviteeio-node] [] INFO  i.g.g.s.vertx.VertxEmbeddedContainer - Starting Vertx container and deploy Gateway Verticles [8 instance(s)]
15:38:50.935 [graviteeio-node] [] INFO  i.g.g.standalone.node.GatewayNode - 	Starting component: SubscriptionDispatcher
15:38:50.935 [graviteeio-node] [] INFO  i.g.common.service.AbstractService - Initializing service io.gravitee.gateway.jupiter.reactor.v4.subscription.DefaultSubscriptionDispatcher
15:38:50.935 [graviteeio-node] [] INFO  i.g.g.standalone.node.GatewayNode - 	Starting component: ClusterService
15:38:50.935 [graviteeio-node] [] INFO  i.g.common.service.AbstractService - Initializing service io.gravitee.node.cluster.ClusterService
15:38:50.935 [graviteeio-node] [] INFO  i.g.g.standalone.node.GatewayNode - 	Starting component: LicenseService
15:38:50.935 [graviteeio-node] [] INFO  i.g.common.service.AbstractService - Initializing service License service
15:38:50.937 [graviteeio-node] [] INFO  i.g.node.license.LicenseService - No license file found. Some plugins may be disabled
15:38:50.953 [graviteeio-node] [] INFO  i.g.n.m.h.v.e.ManagementEndpointManagerImpl - Register a new endpoint for Management API: GET /license [io.gravitee.node.license.management.NodeLicenseManagementEndpoint]
15:38:50.954 [graviteeio-node] [] INFO  i.g.g.standalone.node.GatewayNode - 	Starting component: PluginEventListener
15:38:50.954 [graviteeio-node] [] INFO  i.g.common.service.AbstractService - Initializing service io.gravitee.plugin.core.internal.PluginEventListener
15:38:50.954 [graviteeio-node] [] INFO  i.g.c.event.impl.EventManagerImpl - Register new listener PluginEventListener for event type class io.gravitee.plugin.core.api.PluginEvent
15:38:50.954 [graviteeio-node] [] INFO  i.g.g.standalone.node.GatewayNode - 	Starting component: PluginRegistry
15:38:50.954 [graviteeio-node] [] INFO  i.g.common.service.AbstractService - Initializing service io.gravitee.plugin.core.internal.PluginRegistryImpl
15:38:50.954 [graviteeio-node] [] INFO  i.g.p.c.internal.PluginRegistryImpl - Initializing plugin registry.
15:38:50.954 [graviteeio-node] [] INFO  i.g.p.c.internal.PluginRegistryImpl - Loading plugins from /opt/graviteeio-gateway/plugins
15:38:52.872 [graviteeio-node] [] INFO  i.g.p.c.internal.PluginRegistryImpl - List of available endpoint-connector: 
15:38:52.884 [graviteeio-node] [] INFO  i.g.p.c.internal.PluginRegistryImpl - 	> http-proxy [3.20.13] has been loaded
15:38:52.884 [graviteeio-node] [] INFO  i.g.p.c.internal.PluginRegistryImpl - 	> mock [3.20.13] has been loaded
15:38:52.884 [graviteeio-node] [] INFO  i.g.p.c.internal.PluginRegistryImpl - 	> mqtt5 [3.20.13] has been loaded
15:38:52.885 [graviteeio-node] [] INFO  i.g.p.c.internal.PluginRegistryImpl - 	> kafka [3.20.13] has been loaded
15:38:52.885 [graviteeio-node] [] INFO  i.g.p.c.internal.PluginRegistryImpl - List of available alert: 
15:38:52.885 [graviteeio-node] [] INFO  i.g.p.c.internal.PluginRegistryImpl - 	> alert-engine-connector-ws [2.0.0] has been loaded
15:38:52.886 [graviteeio-node] [] INFO  i.g.p.c.internal.PluginRegistryImpl - List of available service: 
15:38:52.886 [graviteeio-node] [] INFO  i.g.p.c.internal.PluginRegistryImpl - 	> gateway-debug [3.20.13] has been loaded
15:38:52.886 [graviteeio-node] [] INFO  i.g.p.c.internal.PluginRegistryImpl - 	> sync [3.20.13] has been loaded
15:38:52.886 [graviteeio-node] [] INFO  i.g.p.c.internal.PluginRegistryImpl - 	> service-endpoint-discovery [3.20.13] has been loaded
15:38:52.886 [graviteeio-node] [] INFO  i.g.p.c.internal.PluginRegistryImpl - 	> localregistry [3.20.13] has been loaded
15:38:52.886 [graviteeio-node] [] INFO  i.g.p.c.internal.PluginRegistryImpl - 	> heartbeat [3.20.13] has been loaded
15:38:52.886 [graviteeio-node] [] INFO  i.g.p.c.internal.PluginRegistryImpl - 	> healthcheck [3.20.13] has been loaded
15:38:52.886 [graviteeio-node] [] INFO  i.g.p.c.internal.PluginRegistryImpl - 	> ratelimitasync [2.0.0] has been loaded
15:38:52.886 [graviteeio-node] [] INFO  i.g.p.c.internal.PluginRegistryImpl - 	> service-bridge-http-server [3.20.13] has been loaded
15:38:52.886 [graviteeio-node] [] INFO  i.g.p.c.internal.PluginRegistryImpl - List of available entrypoint-connector: 
15:38:52.886 [graviteeio-node] [] INFO  i.g.p.c.internal.PluginRegistryImpl - 	> http-proxy [3.20.13] has been loaded
15:38:52.902 [graviteeio-node] [] INFO  i.g.p.c.internal.PluginRegistryImpl - 	> http-get [3.20.13] has been loaded
15:38:52.902 [graviteeio-node] [] INFO  i.g.p.c.internal.PluginRegistryImpl - 	> sse [3.20.13] has been loaded
15:38:52.902 [graviteeio-node] [] INFO  i.g.p.c.internal.PluginRegistryImpl - 	> webhook [3.20.13] has been loaded
15:38:52.902 [graviteeio-node] [] INFO  i.g.p.c.internal.PluginRegistryImpl - 	> websocket [3.20.13] has been loaded
15:38:52.902 [graviteeio-node] [] INFO  i.g.p.c.internal.PluginRegistryImpl - 	> http-post [3.20.13] has been loaded
15:38:52.902 [graviteeio-node] [] INFO  i.g.p.c.internal.PluginRegistryImpl - List of available connector: 
15:38:52.902 [graviteeio-node] [] INFO  i.g.p.c.internal.PluginRegistryImpl - 	> connector-http [2.1.3] has been loaded
15:38:52.902 [graviteeio-node] [] INFO  i.g.p.c.internal.PluginRegistryImpl - List of available policy: 
15:38:52.903 [graviteeio-node] [] INFO  i.g.p.c.internal.PluginRegistryImpl - 	> policy-assign-attributes [1.5.1] has been loaded
15:38:52.903 [graviteeio-node] [] INFO  i.g.p.c.internal.PluginRegistryImpl - 	> api-key [3.0.0] has been loaded
15:38:52.903 [graviteeio-node] [] INFO  i.g.p.c.internal.PluginRegistryImpl - 	> dynamic-routing [1.11.3] has been loaded
15:38:52.903 [graviteeio-node] [] INFO  i.g.p.c.internal.PluginRegistryImpl - 	> cache [1.16.0] has been loaded
15:38:52.903 [graviteeio-node] [] INFO  i.g.p.c.internal.PluginRegistryImpl - 	> policy-http-callout [2.0.1] has been loaded
15:38:52.903 [graviteeio-node] [] INFO  i.g.p.c.internal.PluginRegistryImpl - 	> policy-assign-content [1.7.0] has been loaded
15:38:52.903 [graviteeio-node] [] INFO  i.g.p.c.internal.PluginRegistryImpl - 	> policy-generate-jwt [1.5.0] has been loaded
15:38:52.903 [graviteeio-node] [] INFO  i.g.p.c.internal.PluginRegistryImpl - 	> http-signature [1.5.0] has been loaded
15:38:52.904 [graviteeio-node] [] INFO  i.g.p.c.internal.PluginRegistryImpl - 	> generate-http-signature [1.1.0] has been loaded
15:38:52.904 [graviteeio-node] [] INFO  i.g.p.c.internal.PluginRegistryImpl - 	> json-threat-protection [1.3.3] has been loaded
15:38:52.904 [graviteeio-node] [] INFO  i.g.p.c.internal.PluginRegistryImpl - 	> html-json [1.6.0] has been loaded
15:38:52.904 [graviteeio-node] [] INFO  i.g.p.c.internal.PluginRegistryImpl - 	> json-to-json [1.7.1] has been loaded
15:38:52.904 [graviteeio-node] [] INFO  i.g.p.c.internal.PluginRegistryImpl - 	> ip-filtering [1.9.0] has been loaded
15:38:52.904 [graviteeio-node] [] INFO  i.g.p.c.internal.PluginRegistryImpl - 	> json-xml [2.0.0] has been loaded
15:38:52.904 [graviteeio-node] [] INFO  i.g.p.c.internal.PluginRegistryImpl - 	> latency [1.4.0] has been loaded
15:38:52.904 [graviteeio-node] [] INFO  i.g.p.c.internal.PluginRegistryImpl - 	> groovy [2.4.1] has been loaded
15:38:52.904 [graviteeio-node] [] INFO  i.g.p.c.internal.PluginRegistryImpl - 	> jws [1.3.3] has been loaded
15:38:52.904 [graviteeio-node] [] INFO  i.g.p.c.internal.PluginRegistryImpl - 	> jwt [3.0.0] has been loaded
15:38:52.904 [graviteeio-node] [] INFO  i.g.p.c.internal.PluginRegistryImpl - 	> key-less [2.0.0] has been loaded
15:38:52.904 [graviteeio-node] [] INFO  i.g.p.c.internal.PluginRegistryImpl - 	> json-validation [1.6.1] has been loaded
15:38:52.904 [graviteeio-node] [] INFO  i.g.p.c.internal.PluginRegistryImpl - 	> message-filtering [1.0.0] has been loaded
15:38:52.904 [graviteeio-node] [] INFO  i.g.p.c.internal.PluginRegistryImpl - 	> quota [2.0.0] has been loaded
15:38:52.904 [graviteeio-node] [] INFO  i.g.p.c.internal.PluginRegistryImpl - 	> mock [1.13.0] has been loaded
15:38:52.904 [graviteeio-node] [] INFO  i.g.p.c.internal.PluginRegistryImpl - 	> metrics-reporter [2.0.0] has been loaded
15:38:52.904 [graviteeio-node] [] INFO  i.g.p.c.internal.PluginRegistryImpl - 	> oauth2 [2.0.1] has been loaded
15:38:52.904 [graviteeio-node] [] INFO  i.g.p.c.internal.PluginRegistryImpl - 	> policy-openid-userinfo [1.5.2] has been loaded
15:38:52.904 [graviteeio-node] [] INFO  i.g.p.c.internal.PluginRegistryImpl - 	> rate-limit [2.0.0] has been loaded
15:38:52.904 [graviteeio-node] [] INFO  i.g.p.c.internal.PluginRegistryImpl - 	> policy-override-request-method [1.3.0] has been loaded
15:38:52.904 [graviteeio-node] [] INFO  i.g.p.c.internal.PluginRegistryImpl - 	> request-content-limit [1.8.0] has been loaded
15:38:52.904 [graviteeio-node] [] INFO  i.g.p.c.internal.PluginRegistryImpl - 	> retry [2.1.0] has been loaded
15:38:52.904 [graviteeio-node] [] INFO  i.g.p.c.internal.PluginRegistryImpl - 	> policy-request-validation [1.13.2] has been loaded
15:38:52.904 [graviteeio-node] [] INFO  i.g.p.c.internal.PluginRegistryImpl - 	> regex-threat-protection [1.3.3] has been loaded
15:38:52.904 [graviteeio-node] [] INFO  i.g.p.c.internal.PluginRegistryImpl - 	> rbac [1.1.0] has been loaded
15:38:52.904 [graviteeio-node] [] INFO  i.g.p.c.internal.PluginRegistryImpl - 	> ssl-enforcement [1.2.3] has been loaded
15:38:52.904 [graviteeio-node] [] INFO  i.g.p.c.internal.PluginRegistryImpl - 	> url-rewriting [1.5.2] has been loaded
15:38:52.904 [graviteeio-node] [] INFO  i.g.p.c.internal.PluginRegistryImpl - 	> rest-to-soap [1.13.0] has been loaded
15:38:52.904 [graviteeio-node] [] INFO  i.g.p.c.internal.PluginRegistryImpl - 	> transform-queryparams [1.6.0] has been loaded
15:38:52.904 [graviteeio-node] [] INFO  i.g.p.c.internal.PluginRegistryImpl - 	> spike-arrest [2.0.0] has been loaded
15:38:52.904 [graviteeio-node] [] INFO  i.g.p.c.internal.PluginRegistryImpl - 	> resource-filtering [1.8.0] has been loaded
15:38:52.904 [graviteeio-node] [] INFO  i.g.p.c.internal.PluginRegistryImpl - 	> traffic-shadowing [2.0.0] has been loaded
15:38:52.904 [graviteeio-node] [] INFO  i.g.p.c.internal.PluginRegistryImpl - 	> transform-headers [1.10.0] has been loaded
15:38:52.904 [graviteeio-node] [] INFO  i.g.p.c.internal.PluginRegistryImpl - 	> xml-json [1.8.3] has been loaded
15:38:52.904 [graviteeio-node] [] INFO  i.g.p.c.internal.PluginRegistryImpl - 	> xml-validation [1.1.0] has been loaded
15:38:52.904 [graviteeio-node] [] INFO  i.g.p.c.internal.PluginRegistryImpl - 	> xml-threat-protection [1.3.3] has been loaded
15:38:52.904 [graviteeio-node] [] INFO  i.g.p.c.internal.PluginRegistryImpl - 	> xslt [2.0.0] has been loaded
15:38:52.904 [graviteeio-node] [] INFO  i.g.p.c.internal.PluginRegistryImpl - List of available repository: 
15:38:52.905 [graviteeio-node] [] INFO  i.g.p.c.internal.PluginRegistryImpl - 	> repository-bridge-http-client [3.20.13] has been loaded
15:38:52.905 [graviteeio-node] [] INFO  i.g.p.c.internal.PluginRegistryImpl - 	> repository-jdbc [3.20.13] has been loaded
15:38:52.905 [graviteeio-node] [] INFO  i.g.p.c.internal.PluginRegistryImpl - 	> repository-mongodb [3.20.13] has been loaded
15:38:52.905 [graviteeio-node] [] INFO  i.g.p.c.internal.PluginRegistryImpl - List of available resource: 
15:38:52.906 [graviteeio-node] [] INFO  i.g.p.c.internal.PluginRegistryImpl - 	> cache [1.9.0] has been loaded
15:38:52.906 [graviteeio-node] [] INFO  i.g.p.c.internal.PluginRegistryImpl - 	> oauth2 [2.0.0] has been loaded
15:38:52.906 [graviteeio-node] [] INFO  i.g.p.c.internal.PluginRegistryImpl - 	> oauth2-am-resource [2.0.0] has been loaded
15:38:52.906 [graviteeio-node] [] INFO  i.g.p.c.internal.PluginRegistryImpl - List of available reporter: 
15:38:52.907 [graviteeio-node] [] INFO  i.g.p.c.internal.PluginRegistryImpl - 	> file [2.5.5] has been loaded
15:38:52.907 [graviteeio-node] [] INFO  i.g.p.c.internal.PluginRegistryImpl - 	> reporter-tcp [1.4.4] has been loaded
15:38:52.907 [graviteeio-node] [] INFO  i.g.p.c.internal.PluginRegistryImpl - 	> elastic [4.0.2] has been loaded
15:38:52.907 [graviteeio-node] [] INFO  i.g.p.c.internal.PluginRegistryImpl - List of available service_discovery: 
15:38:52.907 [graviteeio-node] [] INFO  i.g.p.c.internal.PluginRegistryImpl - 	> consul-service-discovery [1.3.0] has been loaded
15:38:52.908 [graviteeio-node] [] INFO  i.g.p.c.internal.PluginEventListener - All plugins have been loaded. Installing...
15:38:53.032 [graviteeio-node] [] INFO  i.g.p.r.i.RepositoryPluginHandler - Register a new repository: repository-bridge-http-client [io.gravitee.repository.bridge.client.HttpBridgeRepositoryProvider]
15:38:53.045 [graviteeio-node] [] INFO  i.g.p.r.i.RepositoryPluginHandler - Register a new repository: repository-mongodb [io.gravitee.repository.mongodb.MongoRepositoryProvider]
15:38:53.047 [graviteeio-node] [] INFO  i.g.p.r.i.RepositoryPluginHandler - Repository [MANAGEMENT] loaded by mongodb
15:38:53.907 [vertx-blocked-thread-checker] [] WARN  i.v.core.impl.BlockedThreadChecker - Thread Thread[vert.x-eventloop-thread-2,5,main] has been blocked for 2832 ms, time limit is 2000 ms
15:38:53.908 [vertx-blocked-thread-checker] [] WARN  i.v.core.impl.BlockedThreadChecker - Thread Thread[vert.x-eventloop-thread-0,5,main] has been blocked for 2819 ms, time limit is 2000 ms
15:38:53.908 [vertx-blocked-thread-checker] [] WARN  i.v.core.impl.BlockedThreadChecker - Thread Thread[vert.x-eventloop-thread-3,5,main] has been blocked for 2828 ms, time limit is 2000 ms
15:38:53.908 [vertx-blocked-thread-checker] [] WARN  i.v.core.impl.BlockedThreadChecker - Thread Thread[vert.x-eventloop-thread-1,5,main] has been blocked for 2856 ms, time limit is 2000 ms
15:38:53.908 [vertx-blocked-thread-checker] [] WARN  i.v.core.impl.BlockedThreadChecker - Thread Thread[vert.x-eventloop-thread-5,5,main] has been blocked for 2821 ms, time limit is 2000 ms
15:38:53.908 [vertx-blocked-thread-checker] [] WARN  i.v.core.impl.BlockedThreadChecker - Thread Thread[vert.x-eventloop-thread-6,5,main] has been blocked for 2820 ms, time limit is 2000 ms
15:38:53.908 [vertx-blocked-thread-checker] [] WARN  i.v.core.impl.BlockedThreadChecker - Thread Thread[vert.x-eventloop-thread-4,5,main] has been blocked for 2822 ms, time limit is 2000 ms
15:38:53.908 [vertx-blocked-thread-checker] [] WARN  i.v.core.impl.BlockedThreadChecker - Thread Thread[vert.x-eventloop-thread-7,5,main] has been blocked for 2819 ms, time limit is 2000 ms
15:38:54.801 [vert.x-eventloop-thread-3] [] INFO  i.g.g.s.vertx.ReactorVerticle - HTTP listener ready to accept requests on port 8082
15:38:54.803 [vert.x-eventloop-thread-6] [] INFO  i.g.g.s.vertx.ReactorVerticle - HTTP listener ready to accept requests on port 8082
15:38:54.803 [vert.x-eventloop-thread-4] [] INFO  i.g.g.s.vertx.ReactorVerticle - HTTP listener ready to accept requests on port 8082
15:38:54.803 [vert.x-eventloop-thread-2] [] INFO  i.g.g.s.vertx.ReactorVerticle - HTTP listener ready to accept requests on port 8082
15:38:54.803 [vert.x-eventloop-thread-0] [] INFO  i.g.g.s.vertx.ReactorVerticle - HTTP listener ready to accept requests on port 8082
15:38:54.802 [vert.x-eventloop-thread-1] [] INFO  i.g.g.s.vertx.ReactorVerticle - HTTP listener ready to accept requests on port 8082
15:38:54.807 [vert.x-eventloop-thread-5] [] INFO  i.g.g.s.vertx.ReactorVerticle - HTTP listener ready to accept requests on port 8082
15:38:54.816 [vert.x-eventloop-thread-7] [] INFO  i.g.g.s.vertx.ReactorVerticle - HTTP listener ready to accept requests on port 8082
15:39:04.556 [graviteeio-node] [] WARN  o.s.data.convert.CustomConversions - Registering converter from class org.bson.BsonUndefined to class java.lang.Object as reading converter although it doesn't convert from a store-supported type; You might want to check your annotation setup at the converter implementation
15:39:10.791 [graviteeio-node] [] INFO  i.g.p.r.i.RepositoryPluginHandler - Repository [RATE_LIMIT] loaded by mongodb
15:39:11.876 [graviteeio-node] [] INFO  i.g.p.r.i.RepositoryPluginHandler - Register a new repository: repository-jdbc [io.gravitee.repository.jdbc.JdbcRepositoryProvider]
15:39:11.886 [graviteeio-node] [] INFO  i.g.p.a.internal.AlertPluginHandler - Install plugin: alert-engine-connector-ws [io.gravitee.ae.connector.ws.WsConnectorPlugin]
15:39:12.560 [graviteeio-node] [] INFO  i.g.p.p.internal.PolicyPluginHandler - Install plugin: policy-openid-userinfo [io.gravitee.policy.openid.userinfo.UserInfoPolicy]
15:39:12.581 [graviteeio-node] [] INFO  i.g.p.d.i.ServiceDiscoveryPluginHandler - Install plugin: consul-service-discovery [io.gravitee.discovery.consul.ConsulServiceDiscovery]
15:39:12.591 [graviteeio-node] [] INFO  i.g.p.p.internal.PolicyPluginHandler - Install plugin: groovy [io.gravitee.policy.groovy.GroovyPolicy]
15:39:12.620 [graviteeio-node] [] INFO  i.g.p.e.i.EntrypointConnectorPluginHandler - Install plugin: sse [io.gravitee.plugin.entrypoint.sse.SseEntrypointConnectorFactory]
15:39:12.659 [graviteeio-node] [] INFO  i.g.p.e.i.EndpointConnectorPluginHandler - Install plugin: mqtt5 [io.gravitee.plugin.endpoint.mqtt5.Mqtt5EndpointConnectorFactory]
15:39:12.703 [graviteeio-node] [] INFO  i.g.p.e.i.EntrypointConnectorPluginHandler - Install plugin: http-proxy [io.gravitee.plugin.entrypoint.http.proxy.HttpProxyEntrypointConnectorFactory]
15:39:12.731 [graviteeio-node] [] INFO  i.g.p.p.internal.PolicyPluginHandler - Install plugin: cache [io.gravitee.policy.cache.CachePolicy]
15:39:12.785 [graviteeio-node] [] INFO  i.g.p.p.internal.PolicyPluginHandler - Install plugin: traffic-shadowing [io.gravitee.policy.trafficshadowing.TrafficShadowingPolicy]
15:39:12.800 [graviteeio-node] [] INFO  i.g.p.p.internal.PolicyPluginHandler - Install plugin: rest-to-soap [io.gravitee.policy.rest2soap.RestToSoapTransformerPolicy]
15:39:12.825 [graviteeio-node] [] INFO  i.g.p.p.internal.PolicyPluginHandler - Install plugin: xml-validation [io.gravitee.policy.xmlvalidation.XmlValidationPolicy]
15:39:12.849 [graviteeio-node] [] INFO  i.g.n.p.s.h.ServicePluginHandler - Install plugin: service-endpoint-discovery [io.gravitee.gateway.services.endpoint.discovery.EndpointDiscoveryService]
15:39:12.953 [graviteeio-node] [] INFO  i.g.p.r.i.ResourcePluginHandler - Install plugin: oauth2-am-resource [io.gravitee.resource.oauth2.am.OAuth2AMResource]
15:39:12.983 [graviteeio-node] [] INFO  i.g.n.p.s.h.ServicePluginHandler - Install plugin: ratelimitasync [io.gravitee.gateway.services.ratelimit.AsyncRateLimitService]
15:39:13.026 [graviteeio-node] [] INFO  i.g.p.p.internal.PolicyPluginHandler - Install plugin: json-threat-protection [io.gravitee.policy.threatprotection.json.JsonThreatProtectionPolicy]
15:39:13.036 [graviteeio-node] [] INFO  i.g.p.p.internal.PolicyPluginHandler - Install plugin: message-filtering [io.gravitee.policy.messagefiltering.MessageFilteringPolicy]
15:39:13.044 [graviteeio-node] [] INFO  i.g.n.p.s.h.ServicePluginHandler - Install plugin: localregistry [io.gravitee.gateway.services.localregistry.LocalApiDefinitionRegistry]
15:39:13.067 [graviteeio-node] [] INFO  i.g.p.p.internal.PolicyPluginHandler - Install plugin: latency [io.gravitee.policy.latency.LatencyPolicy]
15:39:13.102 [graviteeio-node] [] INFO  i.g.n.p.s.h.ServicePluginHandler - Install plugin: sync [io.gravitee.gateway.services.sync.SyncService]
15:39:13.447 [graviteeio-node] [] INFO  i.g.p.e.i.EntrypointConnectorPluginHandler - Install plugin: webhook [io.gravitee.plugin.entrypoint.webhook.WebhookEntrypointConnectorFactory]
15:39:13.498 [graviteeio-node] [] INFO  i.g.p.p.internal.PolicyPluginHandler - Install plugin: regex-threat-protection [io.gravitee.policy.threatprotection.regex.RegexThreatProtectionPolicy]
15:39:13.516 [graviteeio-node] [] INFO  i.g.p.p.internal.PolicyPluginHandler - Install plugin: xml-threat-protection [io.gravitee.policy.threatprotection.xml.XmlThreatProtectionPolicy]
15:39:13.536 [graviteeio-node] [] INFO  i.g.p.p.internal.PolicyPluginHandler - Install plugin: retry [io.gravitee.policy.retry.RetryPolicy]
15:39:13.558 [graviteeio-node] [] INFO  i.g.p.e.i.EndpointConnectorPluginHandler - Install plugin: mock [io.gravitee.plugin.endpoint.mock.MockEndpointConnectorFactory]
15:39:13.578 [graviteeio-node] [] INFO  i.g.p.p.internal.PolicyPluginHandler - Install plugin: jws [io.gravitee.policy.jws.JWSPolicy]
15:39:13.601 [graviteeio-node] [] INFO  i.g.p.p.internal.PolicyPluginHandler - Install plugin: html-json [io.gravitee.policy.html2Json.HTMLToJSONTransformationPolicy]
15:39:13.607 [graviteeio-node] [] INFO  i.g.p.p.internal.PolicyPluginHandler - Install plugin: transform-queryparams [io.gravitee.policy.transformqueryparams.TransformQueryParametersPolicy]
15:39:13.634 [graviteeio-node] [] INFO  i.g.n.r.plugin.ReporterPluginHandler - Install plugin: elastic [io.gravitee.reporter.elasticsearch.ElasticsearchReporter]
15:39:14.954 [graviteeio-node] [] INFO  i.g.p.p.internal.PolicyPluginHandler - Install plugin: dynamic-routing [io.gravitee.policy.dynamicrouting.DynamicRoutingPolicy]
15:39:14.999 [graviteeio-node] [] INFO  i.g.p.e.i.EntrypointConnectorPluginHandler - Install plugin: http-post [io.gravitee.plugin.entrypoint.http.post.HttpPostEntrypointConnectorFactory]
15:39:15.021 [graviteeio-node] [] INFO  i.g.n.p.s.h.ServicePluginHandler - Install plugin: service-bridge-http-server [io.gravitee.repository.bridge.server.BridgeService]
15:39:15.176 [graviteeio-node] [] INFO  i.g.n.r.plugin.ReporterPluginHandler - Installation skipped for: file [io.gravitee.reporter.file.FileReporter]
15:39:15.176 [graviteeio-node] [] INFO  i.g.p.e.i.EndpointConnectorPluginHandler - Install plugin: http-proxy [io.gravitee.plugin.endpoint.http.proxy.HttpProxyEndpointConnectorFactory]
15:39:15.195 [graviteeio-node] [] INFO  i.g.n.p.s.h.ServicePluginHandler - Install plugin: heartbeat [io.gravitee.gateway.services.heartbeat.HeartbeatService]
15:39:15.296 [graviteeio-node] [] INFO  i.g.p.p.internal.PolicyPluginHandler - Install plugin: rbac [io.gravitee.policy.rbac.RoleBasedAccessControlPolicy]
15:39:15.314 [graviteeio-node] [] INFO  i.g.p.p.internal.PolicyPluginHandler - Install plugin: resource-filtering [io.gravitee.policy.resourcefiltering.ResourceFilteringPolicy]
15:39:15.331 [graviteeio-node] [] INFO  i.g.p.p.internal.PolicyPluginHandler - Install plugin: policy-override-request-method [io.gravitee.policy.overriderequestmethod.OverrideRequestMethodPolicy]
15:39:15.346 [graviteeio-node] [] INFO  i.g.p.p.internal.PolicyPluginHandler - Install plugin: mock [io.gravitee.policy.mock.MockPolicy]
15:39:15.427 [graviteeio-node] [] INFO  i.g.p.p.internal.PolicyPluginHandler - Install plugin: policy-request-validation [io.gravitee.policy.requestvalidation.RequestValidationPolicy]
15:39:15.469 [graviteeio-node] [] INFO  i.g.n.p.s.h.ServicePluginHandler - Install plugin: healthcheck [io.gravitee.gateway.services.healthcheck.EndpointHealthcheckService]
15:39:15.593 [graviteeio-node] [] INFO  i.g.p.e.i.EndpointConnectorPluginHandler - Install plugin: kafka [io.gravitee.plugin.endpoint.kafka.KafkaEndpointConnectorFactory]
15:39:15.623 [graviteeio-node] [] INFO  i.g.p.p.internal.PolicyPluginHandler - Install plugin: xml-json [io.gravitee.policy.xml2json.XmlToJsonTransformationPolicy]
15:39:15.659 [graviteeio-node] [] INFO  i.g.p.p.internal.PolicyPluginHandler - Install plugin: http-signature [io.gravitee.policy.httpsignature.HttpSignaturePolicy]
15:39:15.695 [graviteeio-node] [] INFO  i.g.p.p.internal.PolicyPluginHandler - Install plugin: json-to-json [io.gravitee.policy.json2json.JsonToJsonTransformationPolicy]
15:39:15.718 [graviteeio-node] [] INFO  i.g.n.p.s.h.ServicePluginHandler - Install plugin: gateway-debug [io.gravitee.gateway.debug.DebugService]
15:39:15.875 [graviteeio-node] [] INFO  i.g.n.c.ReloadableKeyManager - Key store has been (re)loaded with 1 entries.
15:39:16.001 [graviteeio-node] [] INFO  i.g.c.event.impl.EventManagerImpl - Register new listener DebugOrganizationManager for event type class io.gravitee.gateway.platform.manager.OrganizationEvent
15:39:16.086 [graviteeio-node] [] INFO  i.g.c.event.impl.EventManagerImpl - Register new listener DebugReactorEventListener for event type class io.gravitee.gateway.reactor.ReactorEvent
15:39:16.124 [graviteeio-node] [] INFO  i.g.p.p.internal.PolicyPluginHandler - Install plugin: ssl-enforcement [io.gravitee.policy.sslenforcement.SslEnforcementPolicy]
15:39:16.136 [graviteeio-node] [] INFO  i.g.p.p.internal.PolicyPluginHandler - Install plugin: api-key [io.gravitee.policy.apikey.ApiKeyPolicy]
15:39:16.152 [graviteeio-node] [] INFO  i.g.p.p.internal.PolicyPluginHandler - Install plugin: jwt [io.gravitee.policy.jwt.JWTPolicy]
15:39:16.176 [graviteeio-node] [] INFO  i.g.p.p.internal.PolicyPluginHandler - Install plugin: rate-limit [io.gravitee.policy.ratelimit.RateLimitPolicy]
15:39:16.188 [graviteeio-node] [] INFO  i.g.p.p.internal.PolicyPluginHandler - Install plugin: policy-assign-content [io.gravitee.policy.assigncontent.AssignContentPolicy]
15:39:16.200 [graviteeio-node] [] INFO  i.g.p.p.internal.PolicyPluginHandler - Install plugin: policy-generate-jwt [io.gravitee.policy.generatejwt.GenerateJwtPolicy]
15:39:16.239 [graviteeio-node] [] INFO  i.g.p.p.internal.PolicyPluginHandler - Install plugin: key-less [io.gravitee.policy.keyless.KeylessPolicy]
15:39:16.247 [graviteeio-node] [] INFO  i.g.p.p.i.PolicyConfigurationClassFinder - No policy configuration class defined for policy io.gravitee.policy.keyless.KeylessPolicy
15:39:16.253 [graviteeio-node] [] INFO  i.g.p.p.internal.PolicyPluginHandler - Install plugin: url-rewriting [io.gravitee.policy.urlrewriting.URLRewritingPolicy]
15:39:16.263 [graviteeio-node] [] INFO  i.g.p.p.internal.PolicyPluginHandler - Install plugin: spike-arrest [io.gravitee.policy.spike.SpikeArrestPolicy]
15:39:16.284 [graviteeio-node] [] INFO  i.g.p.p.internal.PolicyPluginHandler - Install plugin: policy-assign-attributes [io.gravitee.policy.assignattributes.AssignAttributesPolicy]
15:39:16.303 [graviteeio-node] [] INFO  i.g.p.e.i.EntrypointConnectorPluginHandler - Install plugin: http-get [io.gravitee.plugin.entrypoint.http.get.HttpGetEntrypointConnectorFactory]
15:39:16.318 [graviteeio-node] [] INFO  i.g.p.p.internal.PolicyPluginHandler - Install plugin: quota [io.gravitee.policy.quota.QuotaPolicy]
15:39:16.328 [graviteeio-node] [] INFO  i.g.p.r.i.ResourcePluginHandler - Install plugin: oauth2 [io.gravitee.resource.oauth2.generic.OAuth2GenericResource]
15:39:16.340 [graviteeio-node] [] INFO  i.g.p.p.internal.PolicyPluginHandler - Install plugin: ip-filtering [io.gravitee.policy.ipfiltering.IPFilteringPolicy]
15:39:16.349 [graviteeio-node] [] INFO  i.g.p.c.i.ConnectorPluginHandler - Install plugin: connector-http [io.gravitee.connector.http.HttpConnectorFactory]
15:39:16.362 [graviteeio-node] [] INFO  i.g.p.c.i.ConnectorConfigurationClassFinder - No connector configuration class defined for connector io.gravitee.connector.http.HttpConnectorFactory
15:39:16.369 [graviteeio-node] [] INFO  i.g.p.p.internal.PolicyPluginHandler - Install plugin: json-validation [io.gravitee.policy.jsonvalidation.JsonValidationPolicy]
15:39:16.377 [graviteeio-node] [] INFO  i.g.p.p.internal.PolicyPluginHandler - Install plugin: metrics-reporter [io.gravitee.policy.metricsreporter.MetricsReporterPolicy]
15:39:16.388 [graviteeio-node] [] INFO  i.g.p.e.i.EntrypointConnectorPluginHandler - Install plugin: websocket [io.gravitee.plugin.entrypoint.websocket.WebSocketEntrypointConnectorFactory]
15:39:16.405 [graviteeio-node] [] INFO  i.g.p.p.internal.PolicyPluginHandler - Install plugin: json-xml [io.gravitee.policy.json2xml.JsonToXmlTransformationPolicy]
15:39:16.445 [graviteeio-node] [] INFO  i.g.p.p.internal.PolicyPluginHandler - Install plugin: transform-headers [io.gravitee.policy.transformheaders.TransformHeadersPolicy]
15:39:16.457 [graviteeio-node] [] INFO  i.g.p.r.i.ResourcePluginHandler - Install plugin: cache [io.gravitee.resource.cache.InMemoryCacheResource]
15:39:16.464 [graviteeio-node] [] INFO  i.g.p.p.internal.PolicyPluginHandler - Install plugin: xslt [io.gravitee.policy.xslt.XSLTTransformationPolicy]
15:39:16.477 [graviteeio-node] [] INFO  i.g.p.p.internal.PolicyPluginHandler - Install plugin: generate-http-signature [io.gravitee.policy.generatehttpsignature.GenerateHttpSignaturePolicy]
15:39:16.491 [graviteeio-node] [] INFO  i.g.p.p.internal.PolicyPluginHandler - Install plugin: request-content-limit [io.gravitee.policy.rcl.RequestContentLimitPolicy]
15:39:16.504 [graviteeio-node] [] INFO  i.g.p.p.internal.PolicyPluginHandler - Install plugin: oauth2 [io.gravitee.policy.oauth2.Oauth2Policy]
15:39:16.521 [graviteeio-node] [] INFO  i.g.n.r.plugin.ReporterPluginHandler - Install plugin: reporter-tcp [io.gravitee.reporter.tcp.TcpReporter]
15:39:16.997 [graviteeio-node] [] INFO  i.g.p.p.internal.PolicyPluginHandler - Install plugin: policy-http-callout [io.gravitee.policy.callout.CalloutHttpPolicy]
15:39:17.034 [graviteeio-node] [] INFO  i.g.p.c.internal.PluginRegistryImpl - Plugins have been loaded and installed.
15:39:17.034 [graviteeio-node] [] INFO  i.g.g.standalone.node.GatewayNode - 	Starting component: ServiceManager
15:39:17.035 [graviteeio-node] [] INFO  i.g.common.service.AbstractService - Initializing service Plugins - Services Manager
15:39:17.070 [graviteeio-node] [] INFO  i.g.common.service.AbstractService - Initializing service Endpoints Discovery
15:39:17.075 [vert.x-eventloop-thread-2] [] INFO  i.g.c.event.impl.EventManagerImpl - Register new listener EndpointHealthcheckVerticle for event type class io.gravitee.gateway.reactor.ReactorEvent
15:39:17.096 [graviteeio-node] [] INFO  i.g.common.service.AbstractService - Initializing service Health-check service
15:39:17.097 [graviteeio-node] [] INFO  i.g.common.service.AbstractService - Initializing service Asynchronous Rate Limit proxy
15:39:17.097 [vert.x-eventloop-thread-3] [] INFO  i.g.c.event.impl.EventManagerImpl - Register new listener EndpointDiscoveryVerticle for event type class io.gravitee.gateway.reactor.ReactorEvent
15:39:17.125 [graviteeio-node] [] INFO  i.g.g.s.r.AsyncRateLimitService - Register the rate-limit service bridge for synchronous and asynchronous mode
15:39:17.126 [graviteeio-node] [] INFO  i.g.common.service.AbstractService - Initializing service Gateway Sync Service
15:39:17.127 [graviteeio-node] [] INFO  i.g.g.services.sync.SyncService - Sync service has been initialized with delay [5000MILLISECONDS]
15:39:17.127 [graviteeio-node] [] INFO  i.g.g.services.sync.SyncService - Associate a new HTTP handler on /sync
15:39:17.143 [graviteeio-node] [] INFO  i.g.common.service.AbstractService - Initializing service API keys cache
15:39:17.143 [graviteeio-node] [] INFO  i.g.g.s.s.cache.ApiKeysCacheService - Associate a new HTTP handler on /apikeys
15:39:17.144 [graviteeio-node] [] INFO  i.g.common.service.AbstractService - Initializing service Subscriptions cache repository
15:39:17.145 [graviteeio-node] [] INFO  i.g.g.s.s.c.SubscriptionsCacheService - Associate a new HTTP handler on /subscriptions
15:39:17.146 [graviteeio-node] [] INFO  i.g.common.service.AbstractService - Initializing service io.gravitee.gateway.services.sync.SyncManager
15:39:17.146 [graviteeio-node] [] INFO  i.g.common.service.AbstractService - Initializing service io.gravitee.gateway.services.sync.synchronizer.ApiSynchronizer
15:39:17.146 [graviteeio-node] [] INFO  i.g.common.service.AbstractService - Initializing service io.gravitee.gateway.services.sync.synchronizer.DictionarySynchronizer
15:39:17.146 [graviteeio-node] [] INFO  i.g.common.service.AbstractService - Initializing service io.gravitee.gateway.services.sync.synchronizer.OrganizationSynchronizer
15:39:17.146 [graviteeio-node] [] INFO  i.g.common.service.AbstractService - Initializing service io.gravitee.gateway.services.sync.synchronizer.DebugApiSynchronizer
15:39:18.552 [graviteeio-node] [] INFO  i.g.g.s.s.s.OrganizationSynchronizer - 0 organization(s) synchronized in 421ms.
15:39:18.579 [graviteeio-node] [] INFO  i.g.g.s.s.s.ApiSynchronizer - 0 apis synchronized in 27ms
15:39:18.621 [graviteeio-node] [] INFO  i.g.g.s.s.s.DictionarySynchronizer - 0 dictionary(ies) synchronized in 41ms.
15:39:18.644 [graviteeio-node] [] INFO  i.g.c.event.impl.EventManagerImpl - Register new listener ApiKeysCacheService for event type class io.gravitee.gateway.reactor.ReactorEvent
15:39:18.656 [graviteeio-node] [] INFO  i.g.c.event.impl.EventManagerImpl - Register new listener SubscriptionsCacheService for event type class io.gravitee.gateway.reactor.ReactorEvent
15:39:19.016 [graviteeio-node] [] INFO  i.g.g.s.h.i.s.StandaloneHeartbeatStrategy - Start gateway heartbeat service
15:39:19.019 [graviteeio-node] [] INFO  i.g.g.s.h.i.s.StandaloneHeartbeatStrategy - Gateway heartbeat service scheduled with fixed delay 5000 MILLISECONDS
15:39:19.024 [graviteeio-node] [] INFO  i.g.g.s.h.i.s.StandaloneHeartbeatStrategy - Start gateway heartbeat service: DONE
15:39:19.024 [graviteeio-node] [] INFO  i.g.common.service.AbstractService - Initializing service Gateway - Debug service
15:39:19.024 [graviteeio-node] [] INFO  i.g.gateway.debug.DebugService - Starting component: VertxDebugService
15:39:19.024 [graviteeio-node] [] INFO  i.g.g.debug.vertx.VertxDebugService - Starting Vertx DEBUG container and deploy only 1 Verticle
15:39:19.026 [graviteeio-node] [] INFO  i.g.gateway.debug.DebugService - Starting component: DebugReactorEventListener
15:39:19.026 [graviteeio-node] [] INFO  i.g.common.service.AbstractService - Initializing service io.gravitee.gateway.jupiter.debug.DebugReactorEventListener
15:39:19.026 [graviteeio-node] [] INFO  i.g.c.event.impl.EventManagerImpl - Register new listener DebugReactorEventListener for event type class io.gravitee.gateway.reactor.ReactorEvent
15:39:19.030 [graviteeio-node] [] INFO  i.g.g.standalone.node.GatewayNode - 	Starting component: ManagementService
15:39:19.030 [graviteeio-node] [] INFO  i.g.common.service.AbstractService - Initializing service Node Management API service
15:39:19.035 [graviteeio-node] [] INFO  i.g.g.standalone.node.GatewayNode - 	Starting component: NodeMonitoringEventHandler
15:39:19.036 [graviteeio-node] [] INFO  i.g.common.service.AbstractService - Initializing service io.gravitee.node.monitoring.handler.NodeMonitoringEventHandler
15:39:19.042 [vert.x-eventloop-thread-6] [] INFO  i.g.n.m.h.v.v.ManagementVerticle - Start HTTP listener for Node Management API
15:39:19.078 [graviteeio-node] [] INFO  i.g.g.standalone.node.GatewayNode - 	Starting component: NodeInfosService
15:39:19.079 [graviteeio-node] [] INFO  i.g.n.m.infos.NodeInfosService - Starting node infos service
15:39:19.079 [graviteeio-node] [] INFO  i.g.common.service.AbstractService - Initializing service Node Infos Service
15:39:19.189 [graviteeio-node] [] INFO  i.g.n.m.infos.NodeInfosService - Start node infos service: DONE
15:39:19.190 [graviteeio-node] [] INFO  i.g.g.standalone.node.GatewayNode - 	Starting component: NodeHealthCheckService
15:39:19.190 [graviteeio-node] [] INFO  i.g.common.service.AbstractService - Initializing service Node Health-check service
15:39:19.262 [graviteeio-node] [] INFO  i.g.n.m.h.v.e.ManagementEndpointManagerImpl - Register a new endpoint for Management API: GET /health [io.gravitee.node.monitoring.healthcheck.NodeHealthCheckManagementEndpoint]
15:39:19.289 [graviteeio-node] [] INFO  i.g.g.standalone.node.GatewayNode - 	Starting component: NodeMonitorService
15:39:19.290 [graviteeio-node] [] INFO  i.g.common.service.AbstractService - Initializing service Node Monitor Service
15:39:19.379 [graviteeio-node] [] INFO  i.g.n.m.monitor.NodeMonitorService - Node monitoring scheduled with fixed delay 5000 MILLISECONDS 
15:39:19.433 [graviteeio-node] [] INFO  i.g.n.m.h.v.e.ManagementEndpointManagerImpl - Register a new endpoint for Management API: GET /monitor [io.gravitee.node.monitoring.monitor.NodeMonitorManagementEndpoint]
15:39:19.433 [graviteeio-node] [] INFO  i.g.g.standalone.node.GatewayNode - 	Starting component: ReporterManager
15:39:19.434 [graviteeio-node] [] INFO  i.g.common.service.AbstractService - Initializing service Reporter service
15:39:19.436 [graviteeio-node] [] INFO  i.g.g.standalone.node.GatewayNode - 	Starting component: KeyStoreLoaderManager
15:39:19.436 [graviteeio-node] [] INFO  i.g.common.service.AbstractService - Initializing service io.gravitee.node.certificates.KeyStoreLoaderManager
15:39:19.436 [graviteeio-node] [] INFO  i.g.g.standalone.node.GatewayNode - 	Starting component: AlertEventProducerManager
15:39:19.436 [graviteeio-node] [] INFO  i.g.common.service.AbstractService - Initializing service Alert Engine - Event producer
15:39:19.437 [graviteeio-node] [] INFO  i.g.ae.connector.ws.WsEventProducer - AlertEngine connector is enabled. Starting connector.
15:39:19.454 [vert.x-eventloop-thread-0] [] INFO  i.g.n.r.vertx.ReporterManagerImpl - Starting reporter: io.gravitee.node.reporter.vertx.eventbus.EventBusReporterWrapper@5ab58eaf
15:39:19.482 [vert.x-eventloop-thread-0] [] INFO  i.g.n.r.vertx.ReporterManagerImpl - Starting reporter: io.gravitee.node.reporter.vertx.eventbus.EventBusReporterWrapper@5aac21f4
15:39:19.491 [vert.x-worker-thread-0] [] INFO  i.g.common.service.AbstractService - Initializing service io.gravitee.reporter.elasticsearch.ElasticsearchReporter
15:39:19.491 [vert.x-worker-thread-0] [] INFO  i.g.r.e.ElasticsearchReporter - Starting Elastic reporter engine...
15:39:19.510 [graviteeio-node] [] INFO  i.g.ae.connector.ws.HttpConnector - AlertEngine connector is disabled.
15:39:19.623 [graviteeio-node] [] INFO  i.g.g.standalone.node.GatewayNode - Gravitee.io - API Gateway id[75fa084a-64d3-4e06-ba08-4a64d37e060a] version[3.20.13] pid[1] build[383732#8db1c24a3a] jvm[Eclipse Adoptium/OpenJDK 64-Bit Server VM/17.0.5+8] started in 28852 ms.
15:39:19.647 [vert.x-eventloop-thread-5] [] INFO  i.g.g.d.vertx.DebugReactorVerticle - Debug HTTP listener ready to accept requests on port 8482
15:39:19.652 [vert.x-eventloop-thread-6] [] INFO  i.g.n.m.h.v.e.ManagementEndpointManagerImpl - Register a new endpoint for Management API: GET / [io.gravitee.node.management.http.node.NodeEndpoint]
15:39:19.654 [vert.x-eventloop-thread-6] [] INFO  i.g.n.m.h.v.e.ManagementEndpointManagerImpl - Register a new endpoint for Management API: GET /configuration [io.gravitee.node.management.http.configuration.ConfigurationEndpoint]
15:39:19.657 [vert.x-eventloop-thread-6] [] INFO  i.g.n.m.h.v.v.ManagementVerticle - HTTP listener for Node Management bind to port TCP:18082
15:39:19.761 [RxComputationThreadPool-4] [] WARN  i.g.ae.connector.ws.WsEventProducer - An error occurred trying to send events: The connector is not yet ready
15:39:22.188 [vert.x-eventloop-thread-0] [] INFO  i.g.r.e.ElasticsearchReporter - Starting Elastic reporter engine... DONE
15:39:22.189 [vert.x-eventloop-thread-0] [] INFO  i.g.r.e.ElasticsearchReporter - Index mapping template successfully defined
